
19/09 09:48:57 	at com.fis.chat.server.thread.ThreadServer.processSession(ThreadServer.java:124)
19/09 09:48:57 	at com.fss.thread.ManageableThread.session(ManageableThread.java:1341)
19/09 09:48:57 	at com.fss.thread.ManageableThread.run(ManageableThread.java:1288)
19/09 09:48:57 	at java.lang.Thread.run(Unknown Source)
19/09 09:49:00 java.net.SocketTimeoutException: Accept timed out
19/09 09:49:00 	at java.net.DualStackPlainSocketImpl.waitForNewConnection(Native Method)
19/09 09:49:00 	at java.net.DualStackPlainSocketImpl.socketAccept(Unknown Source)
19/09 09:49:00 	at java.net.AbstractPlainSocketImpl.accept(Unknown Source)
19/09 09:49:00 	at java.net.PlainSocketImpl.accept(Unknown Source)
19/09 09:49:00 	at java.net.ServerSocket.implAccept(Unknown Source)
19/09 09:49:00 	at java.net.ServerSocket.accept(Unknown Source)
19/09 09:49:00 	at com.fis.chat.server.thread.ThreadServer.processSession(ThreadServer.java:124)
19/09 09:49:00 	at com.fss.thread.ManageableThread.session(ManageableThread.java:1341)
19/09 09:49:00 	at com.fss.thread.ManageableThread.run(ManageableThread.java:1288)
19/09 09:49:00 	at java.lang.Thread.run(Unknown Source)
19/09 09:49:03 java.net.SocketTimeoutException: Accept timed out
19/09 09:49:03 	at java.net.DualStackPlainSocketImpl.waitForNewConnection(Native Method)
19/09 09:49:03 	at java.net.DualStackPlainSocketImpl.socketAccept(Unknown Source)
19/09 09:49:03 	at java.net.AbstractPlainSocketImpl.accept(Unknown Source)
19/09 09:49:03 	at java.net.PlainSocketImpl.accept(Unknown Source)
19/09 09:49:03 	at java.net.ServerSocket.implAccept(Unknown Source)
19/09 09:49:03 	at java.net.ServerSocket.accept(Unknown Source)
19/09 09:49:03 	at com.fis.chat.server.thread.ThreadServer.processSession(ThreadServer.java:124)
19/09 09:49:03 	at com.fss.thread.ManageableThread.session(ManageableThread.java:1341)
19/09 09:49:03 	at com.fss.thread.ManageableThread.run(ManageableThread.java:1288)
19/09 09:49:03 	at java.lang.Thread.run(Unknown Source)
19/09 09:49:06 java.net.SocketTimeoutException: Accept timed out
19/09 09:49:06 	at java.net.DualStackPlainSocketImpl.waitForNewConnection(Native Method)
19/09 09:49:06 	at java.net.DualStackPlainSocketImpl.socketAccept(Unknown Source)
19/09 09:49:06 	at java.net.AbstractPlainSocketImpl.accept(Unknown Source)
19/09 09:49:06 	at java.net.PlainSocketImpl.accept(Unknown Source)
19/09 09:49:06 	at java.net.ServerSocket.implAccept(Unknown Source)
19/09 09:49:06 	at java.net.ServerSocket.accept(Unknown Source)
19/09 09:49:06 	at com.fis.chat.server.thread.ThreadServer.processSession(ThreadServer.java:124)
19/09 09:49:06 	at com.fss.thread.ManageableThread.session(ManageableThread.java:1341)
19/09 09:49:06 	at com.fss.thread.ManageableThread.run(ManageableThread.java:1288)
19/09 09:49:06 	at java.lang.Thread.run(Unknown Source)
19/09 09:49:09 java.net.SocketTimeoutException: Accept timed out
19/09 09:49:09 	at java.net.DualStackPlainSocketImpl.waitForNewConnection(Native Method)
19/09 09:49:09 	at java.net.DualStackPlainSocketImpl.socketAccept(Unknown Source)
19/09 09:49:09 	at java.net.AbstractPlainSocketImpl.accept(Unknown Source)
19/09 09:49:09 	at java.net.PlainSocketImpl.accept(Unknown Source)
19/09 09:49:09 	at java.net.ServerSocket.implAccept(Unknown Source)
19/09 09:49:09 	at java.net.ServerSocket.accept(Unknown Source)
19/09 09:49:09 	at com.fis.chat.server.thread.ThreadServer.processSession(ThreadServer.java:124)
19/09 09:49:09 	at com.fss.thread.ManageableThread.session(ManageableThread.java:1341)
19/09 09:49:09 	at com.fss.thread.ManageableThread.run(ManageableThread.java:1288)
19/09 09:49:09 	at java.lang.Thread.run(Unknown Source)
19/09 09:49:12 java.net.SocketTimeoutException: Accept timed out
19/09 09:49:12 	at java.net.DualStackPlainSocketImpl.waitForNewConnection(Native Method)
19/09 09:49:12 	at java.net.DualStackPlainSocketImpl.socketAccept(Unknown Source)
19/09 09:49:12 	at java.net.AbstractPlainSocketImpl.accept(Unknown Source)
19/09 09:49:12 	at java.net.PlainSocketImpl.accept(Unknown Source)
19/09 09:49:12 	at java.net.ServerSocket.implAccept(Unknown Source)
19/09 09:49:12 	at java.net.ServerSocket.accept(Unknown Source)
19/09 09:49:12 	at com.fis.chat.server.thread.ThreadServer.processSession(ThreadServer.java:124)
19/09 09:49:12 	at com.fss.thread.ManageableThread.session(ManageableThread.java:1341)
19/09 09:49:12 	at com.fss.thread.ManageableThread.run(ManageableThread.java:1288)
19/09 09:49:12 	at java.lang.Thread.run(Unknown Source)
19/09 09:49:15 java.net.SocketTimeoutException: Accept timed out
19/09 09:49:15 	at java.net.DualStackPlainSocketImpl.waitForNewConnection(Native Method)
19/09 09:49:15 	at java.net.DualStackPlainSocketImpl.socketAccept(Unknown Source)
19/09 09:49:15 	at java.net.AbstractPlainSocketImpl.accept(Unknown Source)
19/09 09:49:15 	at java.net.PlainSocketImpl.accept(Unknown Source)
19/09 09:49:15 	at java.net.ServerSocket.implAccept(Unknown Source)
19/09 09:49:15 	at java.net.ServerSocket.accept(Unknown Source)
19/09 09:49:15 	at com.fis.chat.server.thread.ThreadServer.processSession(ThreadServer.java:124)
19/09 09:49:15 	at com.fss.thread.ManageableThread.session(ManageableThread.java:1341)
19/09 09:49:15 	at com.fss.thread.ManageableThread.run(ManageableThread.java:1288)
19/09 09:49:15 	at java.lang.Thread.run(Unknown Source)
19/09 09:49:18 java.net.SocketTimeoutException: Accept timed out
19/09 09:49:18 	at java.net.DualStackPlainSocketImpl.waitForNewConnection(Native Method)
19/09 09:49:18 	at java.net.DualStackPlainSocketImpl.socketAccept(Unknown Source)
19/09 09:49:18 	at java.net.AbstractPlainSocketImpl.accept(Unknown Source)
19/09 09:49:18 	at java.net.PlainSocketImpl.accept(Unknown Source)
19/09 09:49:18 	at java.net.ServerSocket.implAccept(Unknown Source)
19/09 09:49:18 	at java.net.ServerSocket.accept(Unknown Source)
19/09 09:49:18 	at com.fis.chat.server.thread.ThreadServer.processSession(ThreadServer.java:124)
19/09 09:49:18 	at com.fss.thread.ManageableThread.session(ManageableThread.java:1341)
19/09 09:49:18 	at com.fss.thread.ManageableThread.run(ManageableThread.java:1288)
19/09 09:49:18 	at java.lang.Thread.run(Unknown Source)
19/09 09:49:21 java.net.SocketTimeoutException: Accept timed out
19/09 09:49:21 	at java.net.DualStackPlainSocketImpl.waitForNewConnection(Native Method)
19/09 09:49:21 	at java.net.DualStackPlainSocketImpl.socketAccept(Unknown Source)
19/09 09:49:21 	at java.net.AbstractPlainSocketImpl.accept(Unknown Source)
19/09 09:49:21 	at java.net.PlainSocketImpl.accept(Unknown Source)
19/09 09:49:21 	at java.net.ServerSocket.implAccept(Unknown Source)
19/09 09:49:21 	at java.net.ServerSocket.accept(Unknown Source)
19/09 09:49:21 	at com.fis.chat.server.thread.ThreadServer.processSession(ThreadServer.java:124)
19/09 09:49:21 	at com.fss.thread.ManageableThread.session(ManageableThread.java:1341)
19/09 09:49:21 	at com.fss.thread.ManageableThread.run(ManageableThread.java:1288)
19/09 09:49:21 	at java.lang.Thread.run(Unknown Source)
19/09 09:49:24 java.net.SocketTimeoutException: Accept timed out
19/09 09:49:24 	at java.net.DualStackPlainSocketImpl.waitForNewConnection(Native Method)
19/09 09:49:24 	at java.net.DualStackPlainSocketImpl.socketAccept(Unknown Source)
19/09 09:49:24 	at java.net.AbstractPlainSocketImpl.accept(Unknown Source)
19/09 09:49:24 	at java.net.PlainSocketImpl.accept(Unknown Source)
19/09 09:49:24 	at java.net.ServerSocket.implAccept(Unknown Source)
19/09 09:49:24 	at java.net.ServerSocket.accept(Unknown Source)
19/09 09:49:24 	at com.fis.chat.server.thread.ThreadServer.processSession(ThreadServer.java:124)
19/09 09:49:24 	at com.fss.thread.ManageableThread.session(ManageableThread.java:1341)
19/09 09:49:24 	at com.fss.thread.ManageableThread.run(ManageableThread.java:1288)
19/09 09:49:24 	at java.lang.Thread.run(Unknown Source)
19/09 09:49:27 java.net.SocketTimeoutException: Accept timed out
19/09 09:49:27 	at java.net.DualStackPlainSocketImpl.waitForNewConnection(Native Method)
19/09 09:49:27 	at java.net.DualStackPlainSocketImpl.socketAccept(Unknown Source)
19/09 09:49:27 	at java.net.AbstractPlainSocketImpl.accept(Unknown Source)
19/09 09:49:27 	at java.net.PlainSocketImpl.accept(Unknown Source)
19/09 09:49:27 	at java.net.ServerSocket.implAccept(Unknown Source)
19/09 09:49:27 	at java.net.ServerSocket.accept(Unknown Source)
19/09 09:49:27 	at com.fis.chat.server.thread.ThreadServer.processSession(ThreadServer.java:124)
19/09 09:49:27 	at com.fss.thread.ManageableThread.session(ManageableThread.java:1341)
19/09 09:49:27 	at com.fss.thread.ManageableThread.run(ManageableThread.java:1288)
19/09 09:49:27 	at java.lang.Thread.run(Unknown Source)
19/09 09:49:30 java.net.SocketTimeoutException: Accept timed out
19/09 09:49:30 	at java.net.DualStackPlainSocketImpl.waitForNewConnection(Native Method)
19/09 09:49:30 	at java.net.DualStackPlainSocketImpl.socketAccept(Unknown Source)
19/09 09:49:30 	at java.net.AbstractPlainSocketImpl.accept(Unknown Source)
19/09 09:49:30 	at java.net.PlainSocketImpl.accept(Unknown Source)
19/09 09:49:30 	at java.net.ServerSocket.implAccept(Unknown Source)
19/09 09:49:30 	at java.net.ServerSocket.accept(Unknown Source)
19/09 09:49:30 	at com.fis.chat.server.thread.ThreadServer.processSession(ThreadServer.java:124)
19/09 09:49:30 	at com.fss.thread.ManageableThread.session(ManageableThread.java:1341)
19/09 09:49:30 	at com.fss.thread.ManageableThread.run(ManageableThread.java:1288)
19/09 09:49:30 	at java.lang.Thread.run(Unknown Source)
19/09 09:49:33 java.net.SocketTimeoutException: Accept timed out
19/09 09:49:33 	at java.net.DualStackPlainSocketImpl.waitForNewConnection(Native Method)
19/09 09:49:33 	at java.net.DualStackPlainSocketImpl.socketAccept(Unknown Source)
19/09 09:49:33 	at java.net.AbstractPlainSocketImpl.accept(Unknown Source)
19/09 09:49:33 	at java.net.PlainSocketImpl.accept(Unknown Source)
19/09 09:49:33 	at java.net.ServerSocket.implAccept(Unknown Source)
19/09 09:49:33 	at java.net.ServerSocket.accept(Unknown Source)
19/09 09:49:33 	at com.fis.chat.server.thread.ThreadServer.processSession(ThreadServer.java:124)
19/09 09:49:33 	at com.fss.thread.ManageableThread.session(ManageableThread.java:1341)
19/09 09:49:33 	at com.fss.thread.ManageableThread.run(ManageableThread.java:1288)
19/09 09:49:33 	at java.lang.Thread.run(Unknown Source)
19/09 09:49:36 java.net.SocketTimeoutException: Accept timed out
19/09 09:49:36 	at java.net.DualStackPlainSocketImpl.waitForNewConnection(Native Method)
19/09 09:49:36 	at java.net.DualStackPlainSocketImpl.socketAccept(Unknown Source)
19/09 09:49:36 	at java.net.AbstractPlainSocketImpl.accept(Unknown Source)
19/09 09:49:36 	at java.net.PlainSocketImpl.accept(Unknown Source)
19/09 09:49:36 	at java.net.ServerSocket.implAccept(Unknown Source)
19/09 09:49:36 	at java.net.ServerSocket.accept(Unknown Source)
19/09 09:49:36 	at com.fis.chat.server.thread.ThreadServer.processSession(ThreadServer.java:124)
19/09 09:49:36 	at com.fss.thread.ManageableThread.session(ManageableThread.java:1341)
19/09 09:49:36 	at com.fss.thread.ManageableThread.run(ManageableThread.java:1288)
19/09 09:49:36 	at java.lang.Thread.run(Unknown Source)
19/09 09:49:39 java.net.SocketTimeoutException: Accept timed out
19/09 09:49:39 	at java.net.DualStackPlainSocketImpl.waitForNewConnection(Native Method)
19/09 09:49:39 	at java.net.DualStackPlainSocketImpl.socketAccept(Unknown Source)
19/09 09:49:39 	at java.net.AbstractPlainSocketImpl.accept(Unknown Source)
19/09 09:49:39 	at java.net.PlainSocketImpl.accept(Unknown Source)
19/09 09:49:39 	at java.net.ServerSocket.implAccept(Unknown Source)
19/09 09:49:39 	at java.net.ServerSocket.accept(Unknown Source)
19/09 09:49:39 	at com.fis.chat.server.thread.ThreadServer.processSession(ThreadServer.java:124)
19/09 09:49:39 	at com.fss.thread.ManageableThread.session(ManageableThread.java:1341)
19/09 09:49:39 	at com.fss.thread.ManageableThread.run(ManageableThread.java:1288)
19/09 09:49:39 	at java.lang.Thread.run(Unknown Source)
19/09 09:49:42 java.net.SocketTimeoutException: Accept timed out
19/09 09:49:42 	at java.net.DualStackPlainSocketImpl.waitForNewConnection(Native Method)
19/09 09:49:42 	at java.net.DualStackPlainSocketImpl.socketAccept(Unknown Source)
19/09 09:49:42 	at java.net.AbstractPlainSocketImpl.accept(Unknown Source)
19/09 09:49:42 	at java.net.PlainSocketImpl.accept(Unknown Source)
19/09 09:49:42 	at java.net.ServerSocket.implAccept(Unknown Source)
19/09 09:49:42 	at java.net.ServerSocket.accept(Unknown Source)
19/09 09:49:42 	at com.fis.chat.server.thread.ThreadServer.processSession(ThreadServer.java:124)
19/09 09:49:42 	at com.fss.thread.ManageableThread.session(ManageableThread.java:1341)
19/09 09:49:42 	at com.fss.thread.ManageableThread.run(ManageableThread.java:1288)
19/09 09:49:42 	at java.lang.Thread.run(Unknown Source)
19/09 09:49:45 java.net.SocketTimeoutException: Accept timed out
19/09 09:49:45 	at java.net.DualStackPlainSocketImpl.waitForNewConnection(Native Method)
19/09 09:49:45 	at java.net.DualStackPlainSocketImpl.socketAccept(Unknown Source)
19/09 09:49:45 	at java.net.AbstractPlainSocketImpl.accept(Unknown Source)
19/09 09:49:45 	at java.net.PlainSocketImpl.accept(Unknown Source)
19/09 09:49:45 	at java.net.ServerSocket.implAccept(Unknown Source)
19/09 09:49:45 	at java.net.ServerSocket.accept(Unknown Source)
19/09 09:49:45 	at com.fis.chat.server.thread.ThreadServer.processSession(ThreadServer.java:124)
19/09 09:49:45 	at com.fss.thread.ManageableThread.session(ManageableThread.java:1341)
19/09 09:49:45 	at com.fss.thread.ManageableThread.run(ManageableThread.java:1288)
19/09 09:49:45 	at java.lang.Thread.run(Unknown Source)
19/09 09:49:48 java.net.SocketTimeoutException: Accept timed out
19/09 09:49:48 	at java.net.DualStackPlainSocketImpl.waitForNewConnection(Native Method)
19/09 09:49:48 	at java.net.DualStackPlainSocketImpl.socketAccept(Unknown Source)
19/09 09:49:48 	at java.net.AbstractPlainSocketImpl.accept(Unknown Source)
19/09 09:49:48 	at java.net.PlainSocketImpl.accept(Unknown Source)
19/09 09:49:48 	at java.net.ServerSocket.implAccept(Unknown Source)
19/09 09:49:48 	at java.net.ServerSocket.accept(Unknown Source)
19/09 09:49:48 	at com.fis.chat.server.thread.ThreadServer.processSession(ThreadServer.java:124)
19/09 09:49:48 	at com.fss.thread.ManageableThread.session(ManageableThread.java:1341)
19/09 09:49:48 	at com.fss.thread.ManageableThread.run(ManageableThread.java:1288)
19/09 09:49:48 	at java.lang.Thread.run(Unknown Source)
19/09 09:49:51 java.net.SocketTimeoutException: Accept timed out
19/09 09:49:51 	at java.net.DualStackPlainSocketImpl.waitForNewConnection(Native Method)
19/09 09:49:51 	at java.net.DualStackPlainSocketImpl.socketAccept(Unknown Source)
19/09 09:49:51 	at java.net.AbstractPlainSocketImpl.accept(Unknown Source)
19/09 09:49:51 	at java.net.PlainSocketImpl.accept(Unknown Source)
19/09 09:49:51 	at java.net.ServerSocket.implAccept(Unknown Source)
19/09 09:49:51 	at java.net.ServerSocket.accept(Unknown Source)
19/09 09:49:51 	at com.fis.chat.server.thread.ThreadServer.processSession(ThreadServer.java:124)
19/09 09:49:51 	at com.fss.thread.ManageableThread.session(ManageableThread.java:1341)
19/09 09:49:51 	at com.fss.thread.ManageableThread.run(ManageableThread.java:1288)
19/09 09:49:51 	at java.lang.Thread.run(Unknown Source)
19/09 09:49:54 java.net.SocketTimeoutException: Accept timed out
19/09 09:49:54 	at java.net.DualStackPlainSocketImpl.waitForNewConnection(Native Method)
19/09 09:49:54 	at java.net.DualStackPlainSocketImpl.socketAccept(Unknown Source)
19/09 09:49:54 	at java.net.AbstractPlainSocketImpl.accept(Unknown Source)
19/09 09:49:54 	at java.net.PlainSocketImpl.accept(Unknown Source)
19/09 09:49:54 	at java.net.ServerSocket.implAccept(Unknown Source)
19/09 09:49:54 	at java.net.ServerSocket.accept(Unknown Source)
19/09 09:49:54 	at com.fis.chat.server.thread.ThreadServer.processSession(ThreadServer.java:124)
19/09 09:49:54 	at com.fss.thread.ManageableThread.session(ManageableThread.java:1341)
19/09 09:49:54 	at com.fss.thread.ManageableThread.run(ManageableThread.java:1288)
19/09 09:49:54 	at java.lang.Thread.run(Unknown Source)
19/09 09:49:57 java.net.SocketTimeoutException: Accept timed out
19/09 09:49:57 	at java.net.DualStackPlainSocketImpl.waitForNewConnection(Native Method)
19/09 09:49:57 	at java.net.DualStackPlainSocketImpl.socketAccept(Unknown Source)
19/09 09:49:57 	at java.net.AbstractPlainSocketImpl.accept(Unknown Source)
19/09 09:49:57 	at java.net.PlainSocketImpl.accept(Unknown Source)
19/09 09:49:57 	at java.net.ServerSocket.implAccept(Unknown Source)
19/09 09:49:57 	at java.net.ServerSocket.accept(Unknown Source)
19/09 09:49:57 	at com.fis.chat.server.thread.ThreadServer.processSession(ThreadServer.java:124)
19/09 09:49:57 	at com.fss.thread.ManageableThread.session(ManageableThread.java:1341)
19/09 09:49:57 	at com.fss.thread.ManageableThread.run(ManageableThread.java:1288)
19/09 09:49:57 	at java.lang.Thread.run(Unknown Source)
19/09 09:50:00 java.net.SocketTimeoutException: Accept timed out
19/09 09:50:00 	at java.net.DualStackPlainSocketImpl.waitForNewConnection(Native Method)
19/09 09:50:00 	at java.net.DualStackPlainSocketImpl.socketAccept(Unknown Source)
19/09 09:50:00 	at java.net.AbstractPlainSocketImpl.accept(Unknown Source)
19/09 09:50:00 	at java.net.PlainSocketImpl.accept(Unknown Source)
19/09 09:50:00 	at java.net.ServerSocket.implAccept(Unknown Source)
19/09 09:50:00 	at java.net.ServerSocket.accept(Unknown Source)
19/09 09:50:00 	at com.fis.chat.server.thread.ThreadServer.processSession(ThreadServer.java:124)
19/09 09:50:00 	at com.fss.thread.ManageableThread.session(ManageableThread.java:1341)
19/09 09:50:00 	at com.fss.thread.ManageableThread.run(ManageableThread.java:1288)
19/09 09:50:00 	at java.lang.Thread.run(Unknown Source)
19/09 09:50:03 java.net.SocketTimeoutException: Accept timed out
19/09 09:50:03 	at java.net.DualStackPlainSocketImpl.waitForNewConnection(Native Method)
19/09 09:50:03 	at java.net.DualStackPlainSocketImpl.socketAccept(Unknown Source)
19/09 09:50:03 	at java.net.AbstractPlainSocketImpl.accept(Unknown Source)
19/09 09:50:03 	at java.net.PlainSocketImpl.accept(Unknown Source)
19/09 09:50:03 	at java.net.ServerSocket.implAccept(Unknown Source)
19/09 09:50:03 	at java.net.ServerSocket.accept(Unknown Source)
19/09 09:50:03 	at com.fis.chat.server.thread.ThreadServer.processSession(ThreadServer.java:124)
19/09 09:50:03 	at com.fss.thread.ManageableThread.session(ManageableThread.java:1341)
19/09 09:50:03 	at com.fss.thread.ManageableThread.run(ManageableThread.java:1288)
19/09 09:50:03 	at java.lang.Thread.run(Unknown Source)
19/09 09:50:06 java.net.SocketTimeoutException: Accept timed out
19/09 09:50:06 	at java.net.DualStackPlainSocketImpl.waitForNewConnection(Native Method)
19/09 09:50:06 	at java.net.DualStackPlainSocketImpl.socketAccept(Unknown Source)
19/09 09:50:06 	at java.net.AbstractPlainSocketImpl.accept(Unknown Source)
19/09 09:50:06 	at java.net.PlainSocketImpl.accept(Unknown Source)
19/09 09:50:06 	at java.net.ServerSocket.implAccept(Unknown Source)
19/09 09:50:06 	at java.net.ServerSocket.accept(Unknown Source)
19/09 09:50:06 	at com.fis.chat.server.thread.ThreadServer.processSession(ThreadServer.java:124)
19/09 09:50:06 	at com.fss.thread.ManageableThread.session(ManageableThread.java:1341)
19/09 09:50:06 	at com.fss.thread.ManageableThread.run(ManageableThread.java:1288)
19/09 09:50:06 	at java.lang.Thread.run(Unknown Source)
19/09 09:50:09 java.net.SocketTimeoutException: Accept timed out
19/09 09:50:09 	at java.net.DualStackPlainSocketImpl.waitForNewConnection(Native Method)
19/09 09:50:09 	at java.net.DualStackPlainSocketImpl.socketAccept(Unknown Source)
19/09 09:50:09 	at java.net.AbstractPlainSocketImpl.accept(Unknown Source)
19/09 09:50:09 	at java.net.PlainSocketImpl.accept(Unknown Source)
19/09 09:50:09 	at java.net.ServerSocket.implAccept(Unknown Source)
19/09 09:50:09 	at java.net.ServerSocket.accept(Unknown Source)
19/09 09:50:09 	at com.fis.chat.server.thread.ThreadServer.processSession(ThreadServer.java:124)
19/09 09:50:09 	at com.fss.thread.ManageableThread.session(ManageableThread.java:1341)
19/09 09:50:09 	at com.fss.thread.ManageableThread.run(ManageableThread.java:1288)
19/09 09:50:09 	at java.lang.Thread.run(Unknown Source)
19/09 09:50:12 java.net.SocketTimeoutException: Accept timed out
19/09 09:50:12 	at java.net.DualStackPlainSocketImpl.waitForNewConnection(Native Method)
19/09 09:50:12 	at java.net.DualStackPlainSocketImpl.socketAccept(Unknown Source)
19/09 09:50:12 	at java.net.AbstractPlainSocketImpl.accept(Unknown Source)
19/09 09:50:12 	at java.net.PlainSocketImpl.accept(Unknown Source)
19/09 09:50:12 	at java.net.ServerSocket.implAccept(Unknown Source)
19/09 09:50:12 	at java.net.ServerSocket.accept(Unknown Source)
19/09 09:50:12 	at com.fis.chat.server.thread.ThreadServer.processSession(ThreadServer.java:124)
19/09 09:50:12 	at com.fss.thread.ManageableThread.session(ManageableThread.java:1341)
19/09 09:50:12 	at com.fss.thread.ManageableThread.run(ManageableThread.java:1288)
19/09 09:50:12 	at java.lang.Thread.run(Unknown Source)
19/09 09:50:15 java.net.SocketTimeoutException: Accept timed out
19/09 09:50:15 	at java.net.DualStackPlainSocketImpl.waitForNewConnection(Native Method)
19/09 09:50:15 	at java.net.DualStackPlainSocketImpl.socketAccept(Unknown Source)
19/09 09:50:15 	at java.net.AbstractPlainSocketImpl.accept(Unknown Source)
19/09 09:50:15 	at java.net.PlainSocketImpl.accept(Unknown Source)
19/09 09:50:15 	at java.net.ServerSocket.implAccept(Unknown Source)
19/09 09:50:15 	at java.net.ServerSocket.accept(Unknown Source)
19/09 09:50:15 	at com.fis.chat.server.thread.ThreadServer.processSession(ThreadServer.java:124)
19/09 09:50:15 	at com.fss.thread.ManageableThread.session(ManageableThread.java:1341)
19/09 09:50:15 	at com.fss.thread.ManageableThread.run(ManageableThread.java:1288)
19/09 09:50:15 	at java.lang.Thread.run(Unknown Source)
19/09 09:50:18 java.net.SocketTimeoutException: Accept timed out
19/09 09:50:18 	at java.net.DualStackPlainSocketImpl.waitForNewConnection(Native Method)
19/09 09:50:18 	at java.net.DualStackPlainSocketImpl.socketAccept(Unknown Source)
19/09 09:50:18 	at java.net.AbstractPlainSocketImpl.accept(Unknown Source)
19/09 09:50:18 	at java.net.PlainSocketImpl.accept(Unknown Source)
19/09 09:50:18 	at java.net.ServerSocket.implAccept(Unknown Source)
19/09 09:50:18 	at java.net.ServerSocket.accept(Unknown Source)
19/09 09:50:18 	at com.fis.chat.server.thread.ThreadServer.processSession(ThreadServer.java:124)
19/09 09:50:18 	at com.fss.thread.ManageableThread.session(ManageableThread.java:1341)
19/09 09:50:18 	at com.fss.thread.ManageableThread.run(ManageableThread.java:1288)
19/09 09:50:18 	at java.lang.Thread.run(Unknown Source)
19/09 09:50:21 java.net.SocketTimeoutException: Accept timed out
19/09 09:50:21 	at java.net.DualStackPlainSocketImpl.waitForNewConnection(Native Method)
19/09 09:50:21 	at java.net.DualStackPlainSocketImpl.socketAccept(Unknown Source)
19/09 09:50:21 	at java.net.AbstractPlainSocketImpl.accept(Unknown Source)
19/09 09:50:21 	at java.net.PlainSocketImpl.accept(Unknown Source)
19/09 09:50:21 	at java.net.ServerSocket.implAccept(Unknown Source)
19/09 09:50:21 	at java.net.ServerSocket.accept(Unknown Source)
19/09 09:50:21 	at com.fis.chat.server.thread.ThreadServer.processSession(ThreadServer.java:124)
19/09 09:50:21 	at com.fss.thread.ManageableThread.session(ManageableThread.java:1341)
19/09 09:50:21 	at com.fss.thread.ManageableThread.run(ManageableThread.java:1288)
19/09 09:50:21 	at java.lang.Thread.run(Unknown Source)
19/09 09:50:24 java.net.SocketTimeoutException: Accept timed out
19/09 09:50:24 	at java.net.DualStackPlainSocketImpl.waitForNewConnection(Native Method)
19/09 09:50:24 	at java.net.DualStackPlainSocketImpl.socketAccept(Unknown Source)
19/09 09:50:24 	at java.net.AbstractPlainSocketImpl.accept(Unknown Source)
19/09 09:50:24 	at java.net.PlainSocketImpl.accept(Unknown Source)
19/09 09:50:24 	at java.net.ServerSocket.implAccept(Unknown Source)
19/09 09:50:24 	at java.net.ServerSocket.accept(Unknown Source)
19/09 09:50:24 	at com.fis.chat.server.thread.ThreadServer.processSession(ThreadServer.java:124)
19/09 09:50:24 	at com.fss.thread.ManageableThread.session(ManageableThread.java:1341)
19/09 09:50:24 	at com.fss.thread.ManageableThread.run(ManageableThread.java:1288)
19/09 09:50:24 	at java.lang.Thread.run(Unknown Source)
19/09 09:50:27 java.net.SocketTimeoutException: Accept timed out
19/09 09:50:27 	at java.net.DualStackPlainSocketImpl.waitForNewConnection(Native Method)
19/09 09:50:27 	at java.net.DualStackPlainSocketImpl.socketAccept(Unknown Source)
19/09 09:50:27 	at java.net.AbstractPlainSocketImpl.accept(Unknown Source)
19/09 09:50:27 	at java.net.PlainSocketImpl.accept(Unknown Source)
19/09 09:50:27 	at java.net.ServerSocket.implAccept(Unknown Source)
19/09 09:50:27 	at java.net.ServerSocket.accept(Unknown Source)
19/09 09:50:27 	at com.fis.chat.server.thread.ThreadServer.processSession(ThreadServer.java:124)
19/09 09:50:27 	at com.fss.thread.ManageableThread.session(ManageableThread.java:1341)
19/09 09:50:27 	at com.fss.thread.ManageableThread.run(ManageableThread.java:1288)
19/09 09:50:27 	at java.lang.Thread.run(Unknown Source)
19/09 09:50:30 java.net.SocketTimeoutException: Accept timed out
19/09 09:50:30 	at java.net.DualStackPlainSocketImpl.waitForNewConnection(Native Method)
19/09 09:50:30 	at java.net.DualStackPlainSocketImpl.socketAccept(Unknown Source)
19/09 09:50:30 	at java.net.AbstractPlainSocketImpl.accept(Unknown Source)
19/09 09:50:30 	at java.net.PlainSocketImpl.accept(Unknown Source)
19/09 09:50:30 	at java.net.ServerSocket.implAccept(Unknown Source)
19/09 09:50:30 	at java.net.ServerSocket.accept(Unknown Source)
19/09 09:50:30 	at com.fis.chat.server.thread.ThreadServer.processSession(ThreadServer.java:124)
19/09 09:50:30 	at com.fss.thread.ManageableThread.session(ManageableThread.java:1341)
19/09 09:50:30 	at com.fss.thread.ManageableThread.run(ManageableThread.java:1288)
19/09 09:50:30 	at java.lang.Thread.run(Unknown Source)
19/09 09:50:33 java.net.SocketTimeoutException: Accept timed out
19/09 09:50:33 	at java.net.DualStackPlainSocketImpl.waitForNewConnection(Native Method)
19/09 09:50:33 	at java.net.DualStackPlainSocketImpl.socketAccept(Unknown Source)
19/09 09:50:33 	at java.net.AbstractPlainSocketImpl.accept(Unknown Source)
19/09 09:50:33 	at java.net.PlainSocketImpl.accept(Unknown Source)
19/09 09:50:33 	at java.net.ServerSocket.implAccept(Unknown Source)
19/09 09:50:33 	at java.net.ServerSocket.accept(Unknown Source)
19/09 09:50:33 	at com.fis.chat.server.thread.ThreadServer.processSession(ThreadServer.java:124)
19/09 09:50:33 	at com.fss.thread.ManageableThread.session(ManageableThread.java:1341)
19/09 09:50:33 	at com.fss.thread.ManageableThread.run(ManageableThread.java:1288)
19/09 09:50:33 	at java.lang.Thread.run(Unknown Source)
19/09 09:50:36 java.net.SocketTimeoutException: Accept timed out
19/09 09:50:36 	at java.net.DualStackPlainSocketImpl.waitForNewConnection(Native Method)
19/09 09:50:36 	at java.net.DualStackPlainSocketImpl.socketAccept(Unknown Source)
19/09 09:50:36 	at java.net.AbstractPlainSocketImpl.accept(Unknown Source)
19/09 09:50:36 	at java.net.PlainSocketImpl.accept(Unknown Source)
19/09 09:50:36 	at java.net.ServerSocket.implAccept(Unknown Source)
19/09 09:50:36 	at java.net.ServerSocket.accept(Unknown Source)
19/09 09:50:36 	at com.fis.chat.server.thread.ThreadServer.processSession(ThreadServer.java:124)
19/09 09:50:36 	at com.fss.thread.ManageableThread.session(ManageableThread.java:1341)
19/09 09:50:36 	at com.fss.thread.ManageableThread.run(ManageableThread.java:1288)
19/09 09:50:36 	at java.lang.Thread.run(Unknown Source)
19/09 09:50:39 java.net.SocketTimeoutException: Accept timed out
19/09 09:50:39 	at java.net.DualStackPlainSocketImpl.waitForNewConnection(Native Method)
19/09 09:50:39 	at java.net.DualStackPlainSocketImpl.socketAccept(Unknown Source)
19/09 09:50:39 	at java.net.AbstractPlainSocketImpl.accept(Unknown Source)
19/09 09:50:39 	at java.net.PlainSocketImpl.accept(Unknown Source)
19/09 09:50:39 	at java.net.ServerSocket.implAccept(Unknown Source)
19/09 09:50:39 	at java.net.ServerSocket.accept(Unknown Source)
19/09 09:50:39 	at com.fis.chat.server.thread.ThreadServer.processSession(ThreadServer.java:124)
19/09 09:50:39 	at com.fss.thread.ManageableThread.session(ManageableThread.java:1341)
19/09 09:50:39 	at com.fss.thread.ManageableThread.run(ManageableThread.java:1288)
19/09 09:50:39 	at java.lang.Thread.run(Unknown Source)
19/09 09:50:42 java.net.SocketTimeoutException: Accept timed out
19/09 09:50:42 	at java.net.DualStackPlainSocketImpl.waitForNewConnection(Native Method)
19/09 09:50:42 	at java.net.DualStackPlainSocketImpl.socketAccept(Unknown Source)
19/09 09:50:42 	at java.net.AbstractPlainSocketImpl.accept(Unknown Source)
19/09 09:50:42 	at java.net.PlainSocketImpl.accept(Unknown Source)
19/09 09:50:42 	at java.net.ServerSocket.implAccept(Unknown Source)
19/09 09:50:42 	at java.net.ServerSocket.accept(Unknown Source)
19/09 09:50:42 	at com.fis.chat.server.thread.ThreadServer.processSession(ThreadServer.java:124)
19/09 09:50:42 	at com.fss.thread.ManageableThread.session(ManageableThread.java:1341)
19/09 09:50:42 	at com.fss.thread.ManageableThread.run(ManageableThread.java:1288)
19/09 09:50:42 	at java.lang.Thread.run(Unknown Source)
19/09 09:50:45 java.net.SocketTimeoutException: Accept timed out
19/09 09:50:45 	at java.net.DualStackPlainSocketImpl.waitForNewConnection(Native Method)
19/09 09:50:45 	at java.net.DualStackPlainSocketImpl.socketAccept(Unknown Source)
19/09 09:50:45 	at java.net.AbstractPlainSocketImpl.accept(Unknown Source)
19/09 09:50:45 	at java.net.PlainSocketImpl.accept(Unknown Source)
19/09 09:50:45 	at java.net.ServerSocket.implAccept(Unknown Source)
19/09 09:50:45 	at java.net.ServerSocket.accept(Unknown Source)
19/09 09:50:45 	at com.fis.chat.server.thread.ThreadServer.processSession(ThreadServer.java:124)
19/09 09:50:45 	at com.fss.thread.ManageableThread.session(ManageableThread.java:1341)
19/09 09:50:45 	at com.fss.thread.ManageableThread.run(ManageableThread.java:1288)
19/09 09:50:45 	at java.lang.Thread.run(Unknown Source)
19/09 09:50:48 java.net.SocketTimeoutException: Accept timed out
19/09 09:50:48 	at java.net.DualStackPlainSocketImpl.waitForNewConnection(Native Method)
19/09 09:50:48 	at java.net.DualStackPlainSocketImpl.socketAccept(Unknown Source)
19/09 09:50:48 	at java.net.AbstractPlainSocketImpl.accept(Unknown Source)
19/09 09:50:48 	at java.net.PlainSocketImpl.accept(Unknown Source)
19/09 09:50:48 	at java.net.ServerSocket.implAccept(Unknown Source)
19/09 09:50:48 	at java.net.ServerSocket.accept(Unknown Source)
19/09 09:50:48 	at com.fis.chat.server.thread.ThreadServer.processSession(ThreadServer.java:124)
19/09 09:50:48 	at com.fss.thread.ManageableThread.session(ManageableThread.java:1341)
19/09 09:50:48 	at com.fss.thread.ManageableThread.run(ManageableThread.java:1288)
19/09 09:50:48 	at java.lang.Thread.run(Unknown Source)
19/09 09:50:51 java.net.SocketTimeoutException: Accept timed out
19/09 09:50:51 	at java.net.DualStackPlainSocketImpl.waitForNewConnection(Native Method)
19/09 09:50:51 	at java.net.DualStackPlainSocketImpl.socketAccept(Unknown Source)
19/09 09:50:51 	at java.net.AbstractPlainSocketImpl.accept(Unknown Source)
19/09 09:50:51 	at java.net.PlainSocketImpl.accept(Unknown Source)
19/09 09:50:51 	at java.net.ServerSocket.implAccept(Unknown Source)
19/09 09:50:51 	at java.net.ServerSocket.accept(Unknown Source)
19/09 09:50:51 	at com.fis.chat.server.thread.ThreadServer.processSession(ThreadServer.java:124)
19/09 09:50:51 	at com.fss.thread.ManageableThread.session(ManageableThread.java:1341)
19/09 09:50:51 	at com.fss.thread.ManageableThread.run(ManageableThread.java:1288)
19/09 09:50:51 	at java.lang.Thread.run(Unknown Source)
19/09 09:50:54 java.net.SocketTimeoutException: Accept timed out
19/09 09:50:54 	at java.net.DualStackPlainSocketImpl.waitForNewConnection(Native Method)
19/09 09:50:54 	at java.net.DualStackPlainSocketImpl.socketAccept(Unknown Source)
19/09 09:50:54 	at java.net.AbstractPlainSocketImpl.accept(Unknown Source)
19/09 09:50:54 	at java.net.PlainSocketImpl.accept(Unknown Source)
19/09 09:50:54 	at java.net.ServerSocket.implAccept(Unknown Source)
19/09 09:50:54 	at java.net.ServerSocket.accept(Unknown Source)
19/09 09:50:54 	at com.fis.chat.server.thread.ThreadServer.processSession(ThreadServer.java:124)
19/09 09:50:54 	at com.fss.thread.ManageableThread.session(ManageableThread.java:1341)
19/09 09:50:54 	at com.fss.thread.ManageableThread.run(ManageableThread.java:1288)
19/09 09:50:54 	at java.lang.Thread.run(Unknown Source)
19/09 09:50:57 java.net.SocketTimeoutException: Accept timed out
19/09 09:50:57 	at java.net.DualStackPlainSocketImpl.waitForNewConnection(Native Method)
19/09 09:50:57 	at java.net.DualStackPlainSocketImpl.socketAccept(Unknown Source)
19/09 09:50:57 	at java.net.AbstractPlainSocketImpl.accept(Unknown Source)
19/09 09:50:57 	at java.net.PlainSocketImpl.accept(Unknown Source)
19/09 09:50:57 	at java.net.ServerSocket.implAccept(Unknown Source)
19/09 09:50:57 	at java.net.ServerSocket.accept(Unknown Source)
19/09 09:50:57 	at com.fis.chat.server.thread.ThreadServer.processSession(ThreadServer.java:124)
19/09 09:50:57 	at com.fss.thread.ManageableThread.session(ManageableThread.java:1341)
19/09 09:50:57 	at com.fss.thread.ManageableThread.run(ManageableThread.java:1288)
19/09 09:50:57 	at java.lang.Thread.run(Unknown Source)
19/09 09:51:00 java.net.SocketTimeoutException: Accept timed out
19/09 09:51:00 	at java.net.DualStackPlainSocketImpl.waitForNewConnection(Native Method)
19/09 09:51:00 	at java.net.DualStackPlainSocketImpl.socketAccept(Unknown Source)
19/09 09:51:00 	at java.net.AbstractPlainSocketImpl.accept(Unknown Source)
19/09 09:51:00 	at java.net.PlainSocketImpl.accept(Unknown Source)
19/09 09:51:00 	at java.net.ServerSocket.implAccept(Unknown Source)
19/09 09:51:00 	at java.net.ServerSocket.accept(Unknown Source)
19/09 09:51:00 	at com.fis.chat.server.thread.ThreadServer.processSession(ThreadServer.java:124)
19/09 09:51:00 	at com.fss.thread.ManageableThread.session(ManageableThread.java:1341)
19/09 09:51:00 	at com.fss.thread.ManageableThread.run(ManageableThread.java:1288)
19/09 09:51:00 	at java.lang.Thread.run(Unknown Source)
19/09 09:51:03 java.net.SocketTimeoutException: Accept timed out
19/09 09:51:03 	at java.net.DualStackPlainSocketImpl.waitForNewConnection(Native Method)
19/09 09:51:03 	at java.net.DualStackPlainSocketImpl.socketAccept(Unknown Source)
19/09 09:51:03 	at java.net.AbstractPlainSocketImpl.accept(Unknown Source)
19/09 09:51:03 	at java.net.PlainSocketImpl.accept(Unknown Source)
19/09 09:51:03 	at java.net.ServerSocket.implAccept(Unknown Source)
19/09 09:51:03 	at java.net.ServerSocket.accept(Unknown Source)
19/09 09:51:03 	at com.fis.chat.server.thread.ThreadServer.processSession(ThreadServer.java:124)
19/09 09:51:03 	at com.fss.thread.ManageableThread.session(ManageableThread.java:1341)
19/09 09:51:03 	at com.fss.thread.ManageableThread.run(ManageableThread.java:1288)
19/09 09:51:03 	at java.lang.Thread.run(Unknown Source)
19/09 09:51:06 java.net.SocketTimeoutException: Accept timed out
19/09 09:51:06 	at java.net.DualStackPlainSocketImpl.waitForNewConnection(Native Method)
19/09 09:51:06 	at java.net.DualStackPlainSocketImpl.socketAccept(Unknown Source)
19/09 09:51:06 	at java.net.AbstractPlainSocketImpl.accept(Unknown Source)
19/09 09:51:06 	at java.net.PlainSocketImpl.accept(Unknown Source)
19/09 09:51:06 	at java.net.ServerSocket.implAccept(Unknown Source)
19/09 09:51:06 	at java.net.ServerSocket.accept(Unknown Source)
19/09 09:51:06 	at com.fis.chat.server.thread.ThreadServer.processSession(ThreadServer.java:124)
19/09 09:51:06 	at com.fss.thread.ManageableThread.session(ManageableThread.java:1341)
19/09 09:51:06 	at com.fss.thread.ManageableThread.run(ManageableThread.java:1288)
19/09 09:51:06 	at java.lang.Thread.run(Unknown Source)
19/09 09:51:09 java.net.SocketTimeoutException: Accept timed out
19/09 09:51:09 	at java.net.DualStackPlainSocketImpl.waitForNewConnection(Native Method)
19/09 09:51:09 	at java.net.DualStackPlainSocketImpl.socketAccept(Unknown Source)
19/09 09:51:09 	at java.net.AbstractPlainSocketImpl.accept(Unknown Source)
19/09 09:51:09 	at java.net.PlainSocketImpl.accept(Unknown Source)
19/09 09:51:09 	at java.net.ServerSocket.implAccept(Unknown Source)
19/09 09:51:09 	at java.net.ServerSocket.accept(Unknown Source)
19/09 09:51:09 	at com.fis.chat.server.thread.ThreadServer.processSession(ThreadServer.java:124)
19/09 09:51:09 	at com.fss.thread.ManageableThread.session(ManageableThread.java:1341)
19/09 09:51:09 	at com.fss.thread.ManageableThread.run(ManageableThread.java:1288)
19/09 09:51:09 	at java.lang.Thread.run(Unknown Source)
19/09 09:51:12 java.net.SocketTimeoutException: Accept timed out
19/09 09:51:12 	at java.net.DualStackPlainSocketImpl.waitForNewConnection(Native Method)
19/09 09:51:12 	at java.net.DualStackPlainSocketImpl.socketAccept(Unknown Source)
19/09 09:51:12 	at java.net.AbstractPlainSocketImpl.accept(Unknown Source)
19/09 09:51:12 	at java.net.PlainSocketImpl.accept(Unknown Source)
19/09 09:51:12 	at java.net.ServerSocket.implAccept(Unknown Source)
19/09 09:51:12 	at java.net.ServerSocket.accept(Unknown Source)
19/09 09:51:12 	at com.fis.chat.server.thread.ThreadServer.processSession(ThreadServer.java:124)
19/09 09:51:12 	at com.fss.thread.ManageableThread.session(ManageableThread.java:1341)
19/09 09:51:12 	at com.fss.thread.ManageableThread.run(ManageableThread.java:1288)
19/09 09:51:12 	at java.lang.Thread.run(Unknown Source)
19/09 09:51:15 java.net.SocketTimeoutException: Accept timed out
19/09 09:51:15 	at java.net.DualStackPlainSocketImpl.waitForNewConnection(Native Method)
19/09 09:51:15 	at java.net.DualStackPlainSocketImpl.socketAccept(Unknown Source)
19/09 09:51:15 	at java.net.AbstractPlainSocketImpl.accept(Unknown Source)
19/09 09:51:15 	at java.net.PlainSocketImpl.accept(Unknown Source)
19/09 09:51:15 	at java.net.ServerSocket.implAccept(Unknown Source)
19/09 09:51:15 	at java.net.ServerSocket.accept(Unknown Source)
19/09 09:51:15 	at com.fis.chat.server.thread.ThreadServer.processSession(ThreadServer.java:124)
19/09 09:51:15 	at com.fss.thread.ManageableThread.session(ManageableThread.java:1341)
19/09 09:51:15 	at com.fss.thread.ManageableThread.run(ManageableThread.java:1288)
19/09 09:51:15 	at java.lang.Thread.run(Unknown Source)
19/09 09:51:18 java.net.SocketTimeoutException: Accept timed out
19/09 09:51:18 	at java.net.DualStackPlainSocketImpl.waitForNewConnection(Native Method)
19/09 09:51:18 	at java.net.DualStackPlainSocketImpl.socketAccept(Unknown Source)
19/09 09:51:18 	at java.net.AbstractPlainSocketImpl.accept(Unknown Source)
19/09 09:51:18 	at java.net.PlainSocketImpl.accept(Unknown Source)
19/09 09:51:18 	at java.net.ServerSocket.implAccept(Unknown Source)
19/09 09:51:18 	at java.net.ServerSocket.accept(Unknown Source)
19/09 09:51:18 	at com.fis.chat.server.thread.ThreadServer.processSession(ThreadServer.java:124)
19/09 09:51:18 	at com.fss.thread.ManageableThread.session(ManageableThread.java:1341)
19/09 09:51:18 	at com.fss.thread.ManageableThread.run(ManageableThread.java:1288)
19/09 09:51:18 	at java.lang.Thread.run(Unknown Source)
19/09 09:51:21 java.net.SocketTimeoutException: Accept timed out
19/09 09:51:21 	at java.net.DualStackPlainSocketImpl.waitForNewConnection(Native Method)
19/09 09:51:21 	at java.net.DualStackPlainSocketImpl.socketAccept(Unknown Source)
19/09 09:51:21 	at java.net.AbstractPlainSocketImpl.accept(Unknown Source)
19/09 09:51:21 	at java.net.PlainSocketImpl.accept(Unknown Source)
19/09 09:51:21 	at java.net.ServerSocket.implAccept(Unknown Source)
19/09 09:51:21 	at java.net.ServerSocket.accept(Unknown Source)
19/09 09:51:21 	at com.fis.chat.server.thread.ThreadServer.processSession(ThreadServer.java:124)
19/09 09:51:21 	at com.fss.thread.ManageableThread.session(ManageableThread.java:1341)
19/09 09:51:21 	at com.fss.thread.ManageableThread.run(ManageableThread.java:1288)
19/09 09:51:21 	at java.lang.Thread.run(Unknown Source)
19/09 09:51:24 java.net.SocketTimeoutException: Accept timed out
19/09 09:51:24 	at java.net.DualStackPlainSocketImpl.waitForNewConnection(Native Method)
19/09 09:51:24 	at java.net.DualStackPlainSocketImpl.socketAccept(Unknown Source)
19/09 09:51:24 	at java.net.AbstractPlainSocketImpl.accept(Unknown Source)
19/09 09:51:24 	at java.net.PlainSocketImpl.accept(Unknown Source)
19/09 09:51:24 	at java.net.ServerSocket.implAccept(Unknown Source)
19/09 09:51:24 	at java.net.ServerSocket.accept(Unknown Source)
19/09 09:51:24 	at com.fis.chat.server.thread.ThreadServer.processSession(ThreadServer.java:124)
19/09 09:51:24 	at com.fss.thread.ManageableThread.session(ManageableThread.java:1341)
19/09 09:51:24 	at com.fss.thread.ManageableThread.run(ManageableThread.java:1288)
19/09 09:51:24 	at java.lang.Thread.run(Unknown Source)
19/09 09:51:27 java.net.SocketTimeoutException: Accept timed out
19/09 09:51:27 	at java.net.DualStackPlainSocketImpl.waitForNewConnection(Native Method)
19/09 09:51:27 	at java.net.DualStackPlainSocketImpl.socketAccept(Unknown Source)
19/09 09:51:27 	at java.net.AbstractPlainSocketImpl.accept(Unknown Source)
19/09 09:51:27 	at java.net.PlainSocketImpl.accept(Unknown Source)
19/09 09:51:27 	at java.net.ServerSocket.implAccept(Unknown Source)
19/09 09:51:27 	at java.net.ServerSocket.accept(Unknown Source)
19/09 09:51:27 	at com.fis.chat.server.thread.ThreadServer.processSession(ThreadServer.java:124)
19/09 09:51:27 	at com.fss.thread.ManageableThread.session(ManageableThread.java:1341)
19/09 09:51:27 	at com.fss.thread.ManageableThread.run(ManageableThread.java:1288)
19/09 09:51:27 	at java.lang.Thread.run(Unknown Source)
19/09 09:51:30 java.net.SocketTimeoutException: Accept timed out
19/09 09:51:30 	at java.net.DualStackPlainSocketImpl.waitForNewConnection(Native Method)
19/09 09:51:30 	at java.net.DualStackPlainSocketImpl.socketAccept(Unknown Source)
19/09 09:51:30 	at java.net.AbstractPlainSocketImpl.accept(Unknown Source)
19/09 09:51:30 	at java.net.PlainSocketImpl.accept(Unknown Source)
19/09 09:51:30 	at java.net.ServerSocket.implAccept(Unknown Source)
19/09 09:51:30 	at java.net.ServerSocket.accept(Unknown Source)
19/09 09:51:30 	at com.fis.chat.server.thread.ThreadServer.processSession(ThreadServer.java:124)
19/09 09:51:30 	at com.fss.thread.ManageableThread.session(ManageableThread.java:1341)
19/09 09:51:30 	at com.fss.thread.ManageableThread.run(ManageableThread.java:1288)
19/09 09:51:30 	at java.lang.Thread.run(Unknown Source)
19/09 09:51:33 java.net.SocketTimeoutException: Accept timed out
19/09 09:51:33 	at java.net.DualStackPlainSocketImpl.waitForNewConnection(Native Method)
19/09 09:51:33 	at java.net.DualStackPlainSocketImpl.socketAccept(Unknown Source)
19/09 09:51:33 	at java.net.AbstractPlainSocketImpl.accept(Unknown Source)
19/09 09:51:33 	at java.net.PlainSocketImpl.accept(Unknown Source)
19/09 09:51:33 	at java.net.ServerSocket.implAccept(Unknown Source)
19/09 09:51:33 	at java.net.ServerSocket.accept(Unknown Source)
19/09 09:51:33 	at com.fis.chat.server.thread.ThreadServer.processSession(ThreadServer.java:124)
19/09 09:51:33 	at com.fss.thread.ManageableThread.session(ManageableThread.java:1341)
19/09 09:51:33 	at com.fss.thread.ManageableThread.run(ManageableThread.java:1288)
19/09 09:51:33 	at java.lang.Thread.run(Unknown Source)
19/09 09:51:36 java.net.SocketTimeoutException: Accept timed out
19/09 09:51:36 	at java.net.DualStackPlainSocketImpl.waitForNewConnection(Native Method)
19/09 09:51:36 	at java.net.DualStackPlainSocketImpl.socketAccept(Unknown Source)
19/09 09:51:36 	at java.net.AbstractPlainSocketImpl.accept(Unknown Source)
19/09 09:51:36 	at java.net.PlainSocketImpl.accept(Unknown Source)
19/09 09:51:36 	at java.net.ServerSocket.implAccept(Unknown Source)
19/09 09:51:36 	at java.net.ServerSocket.accept(Unknown Source)
19/09 09:51:36 	at com.fis.chat.server.thread.ThreadServer.processSession(ThreadServer.java:124)
19/09 09:51:36 	at com.fss.thread.ManageableThread.session(ManageableThread.java:1341)
19/09 09:51:36 	at com.fss.thread.ManageableThread.run(ManageableThread.java:1288)
19/09 09:51:36 	at java.lang.Thread.run(Unknown Source)
19/09 09:51:39 java.net.SocketTimeoutException: Accept timed out
19/09 09:51:39 	at java.net.DualStackPlainSocketImpl.waitForNewConnection(Native Method)
19/09 09:51:39 	at java.net.DualStackPlainSocketImpl.socketAccept(Unknown Source)
19/09 09:51:39 	at java.net.AbstractPlainSocketImpl.accept(Unknown Source)
19/09 09:51:39 	at java.net.PlainSocketImpl.accept(Unknown Source)
19/09 09:51:39 	at java.net.ServerSocket.implAccept(Unknown Source)
19/09 09:51:39 	at java.net.ServerSocket.accept(Unknown Source)
19/09 09:51:39 	at com.fis.chat.server.thread.ThreadServer.processSession(ThreadServer.java:124)
19/09 09:51:39 	at com.fss.thread.ManageableThread.session(ManageableThread.java:1341)
19/09 09:51:39 	at com.fss.thread.ManageableThread.run(ManageableThread.java:1288)
19/09 09:51:39 	at java.lang.Thread.run(Unknown Source)
19/09 09:51:42 java.net.SocketTimeoutException: Accept timed out
19/09 09:51:42 	at java.net.DualStackPlainSocketImpl.waitForNewConnection(Native Method)
19/09 09:51:42 	at java.net.DualStackPlainSocketImpl.socketAccept(Unknown Source)
19/09 09:51:42 	at java.net.AbstractPlainSocketImpl.accept(Unknown Source)
19/09 09:51:42 	at java.net.PlainSocketImpl.accept(Unknown Source)
19/09 09:51:42 	at java.net.ServerSocket.implAccept(Unknown Source)
19/09 09:51:42 	at java.net.ServerSocket.accept(Unknown Source)
19/09 09:51:42 	at com.fis.chat.server.thread.ThreadServer.processSession(ThreadServer.java:124)
19/09 09:51:42 	at com.fss.thread.ManageableThread.session(ManageableThread.java:1341)
19/09 09:51:42 	at com.fss.thread.ManageableThread.run(ManageableThread.java:1288)
19/09 09:51:42 	at java.lang.Thread.run(Unknown Source)
19/09 09:51:45 java.net.SocketTimeoutException: Accept timed out
19/09 09:51:45 	at java.net.DualStackPlainSocketImpl.waitForNewConnection(Native Method)
19/09 09:51:45 	at java.net.DualStackPlainSocketImpl.socketAccept(Unknown Source)
19/09 09:51:45 	at java.net.AbstractPlainSocketImpl.accept(Unknown Source)
19/09 09:51:45 	at java.net.PlainSocketImpl.accept(Unknown Source)
19/09 09:51:45 	at java.net.ServerSocket.implAccept(Unknown Source)
19/09 09:51:45 	at java.net.ServerSocket.accept(Unknown Source)
19/09 09:51:45 	at com.fis.chat.server.thread.ThreadServer.processSession(ThreadServer.java:124)
19/09 09:51:45 	at com.fss.thread.ManageableThread.session(ManageableThread.java:1341)
19/09 09:51:45 	at com.fss.thread.ManageableThread.run(ManageableThread.java:1288)
19/09 09:51:45 	at java.lang.Thread.run(Unknown Source)
19/09 09:51:48 java.net.SocketTimeoutException: Accept timed out
19/09 09:51:48 	at java.net.DualStackPlainSocketImpl.waitForNewConnection(Native Method)
19/09 09:51:48 	at java.net.DualStackPlainSocketImpl.socketAccept(Unknown Source)
19/09 09:51:48 	at java.net.AbstractPlainSocketImpl.accept(Unknown Source)
19/09 09:51:48 	at java.net.PlainSocketImpl.accept(Unknown Source)
19/09 09:51:48 	at java.net.ServerSocket.implAccept(Unknown Source)
19/09 09:51:48 	at java.net.ServerSocket.accept(Unknown Source)
19/09 09:51:48 	at com.fis.chat.server.thread.ThreadServer.processSession(ThreadServer.java:124)
19/09 09:51:48 	at com.fss.thread.ManageableThread.session(ManageableThread.java:1341)
19/09 09:51:48 	at com.fss.thread.ManageableThread.run(ManageableThread.java:1288)
19/09 09:51:48 	at java.lang.Thread.run(Unknown Source)
19/09 09:51:51 java.net.SocketTimeoutException: Accept timed out
19/09 09:51:51 	at java.net.DualStackPlainSocketImpl.waitForNewConnection(Native Method)
19/09 09:51:51 	at java.net.DualStackPlainSocketImpl.socketAccept(Unknown Source)
19/09 09:51:51 	at java.net.AbstractPlainSocketImpl.accept(Unknown Source)
19/09 09:51:51 	at java.net.PlainSocketImpl.accept(Unknown Source)
19/09 09:51:51 	at java.net.ServerSocket.implAccept(Unknown Source)
19/09 09:51:51 	at java.net.ServerSocket.accept(Unknown Source)
19/09 09:51:51 	at com.fis.chat.server.thread.ThreadServer.processSession(ThreadServer.java:124)
19/09 09:51:51 	at com.fss.thread.ManageableThread.session(ManageableThread.java:1341)
19/09 09:51:51 	at com.fss.thread.ManageableThread.run(ManageableThread.java:1288)
19/09 09:51:51 	at java.lang.Thread.run(Unknown Source)
19/09 09:51:54 java.net.SocketTimeoutException: Accept timed out
19/09 09:51:54 	at java.net.DualStackPlainSocketImpl.waitForNewConnection(Native Method)
19/09 09:51:54 	at java.net.DualStackPlainSocketImpl.socketAccept(Unknown Source)
19/09 09:51:54 	at java.net.AbstractPlainSocketImpl.accept(Unknown Source)
19/09 09:51:54 	at java.net.PlainSocketImpl.accept(Unknown Source)
19/09 09:51:54 	at java.net.ServerSocket.implAccept(Unknown Source)
19/09 09:51:54 	at java.net.ServerSocket.accept(Unknown Source)
19/09 09:51:54 	at com.fis.chat.server.thread.ThreadServer.processSession(ThreadServer.java:124)
19/09 09:51:54 	at com.fss.thread.ManageableThread.session(ManageableThread.java:1341)
19/09 09:51:54 	at com.fss.thread.ManageableThread.run(ManageableThread.java:1288)
19/09 09:51:54 	at java.lang.Thread.run(Unknown Source)
19/09 09:51:57 java.net.SocketTimeoutException: Accept timed out
19/09 09:51:57 	at java.net.DualStackPlainSocketImpl.waitForNewConnection(Native Method)
19/09 09:51:57 	at java.net.DualStackPlainSocketImpl.socketAccept(Unknown Source)
19/09 09:51:57 	at java.net.AbstractPlainSocketImpl.accept(Unknown Source)
19/09 09:51:57 	at java.net.PlainSocketImpl.accept(Unknown Source)
19/09 09:51:57 	at java.net.ServerSocket.implAccept(Unknown Source)
19/09 09:51:57 	at java.net.ServerSocket.accept(Unknown Source)
19/09 09:51:57 	at com.fis.chat.server.thread.ThreadServer.processSession(ThreadServer.java:124)
19/09 09:51:57 	at com.fss.thread.ManageableThread.session(ManageableThread.java:1341)
19/09 09:51:57 	at com.fss.thread.ManageableThread.run(ManageableThread.java:1288)
19/09 09:51:57 	at java.lang.Thread.run(Unknown Source)
19/09 09:52:00 java.net.SocketTimeoutException: Accept timed out
19/09 09:52:00 	at java.net.DualStackPlainSocketImpl.waitForNewConnection(Native Method)
19/09 09:52:00 	at java.net.DualStackPlainSocketImpl.socketAccept(Unknown Source)
19/09 09:52:00 	at java.net.AbstractPlainSocketImpl.accept(Unknown Source)
19/09 09:52:00 	at java.net.PlainSocketImpl.accept(Unknown Source)
19/09 09:52:00 	at java.net.ServerSocket.implAccept(Unknown Source)
19/09 09:52:00 	at java.net.ServerSocket.accept(Unknown Source)
19/09 09:52:00 	at com.fis.chat.server.thread.ThreadServer.processSession(ThreadServer.java:124)
19/09 09:52:00 	at com.fss.thread.ManageableThread.session(ManageableThread.java:1341)
19/09 09:52:00 	at com.fss.thread.ManageableThread.run(ManageableThread.java:1288)
19/09 09:52:00 	at java.lang.Thread.run(Unknown Source)
19/09 09:52:03 java.net.SocketTimeoutException: Accept timed out
19/09 09:52:03 	at java.net.DualStackPlainSocketImpl.waitForNewConnection(Native Method)
19/09 09:52:03 	at java.net.DualStackPlainSocketImpl.socketAccept(Unknown Source)
19/09 09:52:03 	at java.net.AbstractPlainSocketImpl.accept(Unknown Source)
19/09 09:52:03 	at java.net.PlainSocketImpl.accept(Unknown Source)
19/09 09:52:03 	at java.net.ServerSocket.implAccept(Unknown Source)
19/09 09:52:03 	at java.net.ServerSocket.accept(Unknown Source)
19/09 09:52:03 	at com.fis.chat.server.thread.ThreadServer.processSession(ThreadServer.java:124)
19/09 09:52:03 	at com.fss.thread.ManageableThread.session(ManageableThread.java:1341)
19/09 09:52:03 	at com.fss.thread.ManageableThread.run(ManageableThread.java:1288)
19/09 09:52:03 	at java.lang.Thread.run(Unknown Source)
19/09 09:52:07 java.net.SocketTimeoutException: Accept timed out
19/09 09:52:07 	at java.net.DualStackPlainSocketImpl.waitForNewConnection(Native Method)
19/09 09:52:07 	at java.net.DualStackPlainSocketImpl.socketAccept(Unknown Source)
19/09 09:52:07 	at java.net.AbstractPlainSocketImpl.accept(Unknown Source)
19/09 09:52:07 	at java.net.PlainSocketImpl.accept(Unknown Source)
19/09 09:52:07 	at java.net.ServerSocket.implAccept(Unknown Source)
19/09 09:52:07 	at java.net.ServerSocket.accept(Unknown Source)
19/09 09:52:07 	at com.fis.chat.server.thread.ThreadServer.processSession(ThreadServer.java:124)
19/09 09:52:07 	at com.fss.thread.ManageableThread.session(ManageableThread.java:1341)
19/09 09:52:07 	at com.fss.thread.ManageableThread.run(ManageableThread.java:1288)
19/09 09:52:07 	at java.lang.Thread.run(Unknown Source)
19/09 09:52:10 java.net.SocketTimeoutException: Accept timed out
19/09 09:52:10 	at java.net.DualStackPlainSocketImpl.waitForNewConnection(Native Method)
19/09 09:52:10 	at java.net.DualStackPlainSocketImpl.socketAccept(Unknown Source)
19/09 09:52:10 	at java.net.AbstractPlainSocketImpl.accept(Unknown Source)
19/09 09:52:10 	at java.net.PlainSocketImpl.accept(Unknown Source)
19/09 09:52:10 	at java.net.ServerSocket.implAccept(Unknown Source)
19/09 09:52:10 	at java.net.ServerSocket.accept(Unknown Source)
19/09 09:52:10 	at com.fis.chat.server.thread.ThreadServer.processSession(ThreadServer.java:124)
19/09 09:52:10 	at com.fss.thread.ManageableThread.session(ManageableThread.java:1341)
19/09 09:52:10 	at com.fss.thread.ManageableThread.run(ManageableThread.java:1288)
19/09 09:52:10 	at java.lang.Thread.run(Unknown Source)
19/09 09:52:13 java.net.SocketTimeoutException: Accept timed out
19/09 09:52:13 	at java.net.DualStackPlainSocketImpl.waitForNewConnection(Native Method)
19/09 09:52:13 	at java.net.DualStackPlainSocketImpl.socketAccept(Unknown Source)
19/09 09:52:13 	at java.net.AbstractPlainSocketImpl.accept(Unknown Source)
19/09 09:52:13 	at java.net.PlainSocketImpl.accept(Unknown Source)
19/09 09:52:13 	at java.net.ServerSocket.implAccept(Unknown Source)
19/09 09:52:13 	at java.net.ServerSocket.accept(Unknown Source)
19/09 09:52:13 	at com.fis.chat.server.thread.ThreadServer.processSession(ThreadServer.java:124)
19/09 09:52:13 	at com.fss.thread.ManageableThread.session(ManageableThread.java:1341)
19/09 09:52:13 	at com.fss.thread.ManageableThread.run(ManageableThread.java:1288)
19/09 09:52:13 	at java.lang.Thread.run(Unknown Source)
19/09 09:52:16 java.net.SocketTimeoutException: Accept timed out
19/09 09:52:16 	at java.net.DualStackPlainSocketImpl.waitForNewConnection(Native Method)
19/09 09:52:16 	at java.net.DualStackPlainSocketImpl.socketAccept(Unknown Source)
19/09 09:52:16 	at java.net.AbstractPlainSocketImpl.accept(Unknown Source)
19/09 09:52:16 	at java.net.PlainSocketImpl.accept(Unknown Source)
19/09 09:52:16 	at java.net.ServerSocket.implAccept(Unknown Source)
19/09 09:52:16 	at java.net.ServerSocket.accept(Unknown Source)
19/09 09:52:16 	at com.fis.chat.server.thread.ThreadServer.processSession(ThreadServer.java:124)
19/09 09:52:16 	at com.fss.thread.ManageableThread.session(ManageableThread.java:1341)
19/09 09:52:16 	at com.fss.thread.ManageableThread.run(ManageableThread.java:1288)
19/09 09:52:16 	at java.lang.Thread.run(Unknown Source)
19/09 09:52:19 java.net.SocketTimeoutException: Accept timed out
19/09 09:52:19 	at java.net.DualStackPlainSocketImpl.waitForNewConnection(Native Method)
19/09 09:52:19 	at java.net.DualStackPlainSocketImpl.socketAccept(Unknown Source)
19/09 09:52:19 	at java.net.AbstractPlainSocketImpl.accept(Unknown Source)
19/09 09:52:19 	at java.net.PlainSocketImpl.accept(Unknown Source)
19/09 09:52:19 	at java.net.ServerSocket.implAccept(Unknown Source)
19/09 09:52:19 	at java.net.ServerSocket.accept(Unknown Source)
19/09 09:52:19 	at com.fis.chat.server.thread.ThreadServer.processSession(ThreadServer.java:124)
19/09 09:52:19 	at com.fss.thread.ManageableThread.session(ManageableThread.java:1341)
19/09 09:52:19 	at com.fss.thread.ManageableThread.run(ManageableThread.java:1288)
19/09 09:52:19 	at java.lang.Thread.run(Unknown Source)
19/09 09:52:22 java.net.SocketTimeoutException: Accept timed out
19/09 09:52:22 	at java.net.DualStackPlainSocketImpl.waitForNewConnection(Native Method)
19/09 09:52:22 	at java.net.DualStackPlainSocketImpl.socketAccept(Unknown Source)
19/09 09:52:22 	at java.net.AbstractPlainSocketImpl.accept(Unknown Source)
19/09 09:52:22 	at java.net.PlainSocketImpl.accept(Unknown Source)
19/09 09:52:22 	at java.net.ServerSocket.implAccept(Unknown Source)
19/09 09:52:22 	at java.net.ServerSocket.accept(Unknown Source)
19/09 09:52:22 	at com.fis.chat.server.thread.ThreadServer.processSession(ThreadServer.java:124)
19/09 09:52:22 	at com.fss.thread.ManageableThread.session(ManageableThread.java:1341)
19/09 09:52:22 	at com.fss.thread.ManageableThread.run(ManageableThread.java:1288)
19/09 09:52:22 	at java.lang.Thread.run(Unknown Source)
19/09 09:52:25 java.net.SocketTimeoutException: Accept timed out
19/09 09:52:25 	at java.net.DualStackPlainSocketImpl.waitForNewConnection(Native Method)
19/09 09:52:25 	at java.net.DualStackPlainSocketImpl.socketAccept(Unknown Source)
19/09 09:52:25 	at java.net.AbstractPlainSocketImpl.accept(Unknown Source)
19/09 09:52:25 	at java.net.PlainSocketImpl.accept(Unknown Source)
19/09 09:52:25 	at java.net.ServerSocket.implAccept(Unknown Source)
19/09 09:52:25 	at java.net.ServerSocket.accept(Unknown Source)
19/09 09:52:25 	at com.fis.chat.server.thread.ThreadServer.processSession(ThreadServer.java:124)
19/09 09:52:25 	at com.fss.thread.ManageableThread.session(ManageableThread.java:1341)
19/09 09:52:25 	at com.fss.thread.ManageableThread.run(ManageableThread.java:1288)
19/09 09:52:25 	at java.lang.Thread.run(Unknown Source)
19/09 09:52:28 java.net.SocketTimeoutException: Accept timed out
19/09 09:52:28 	at java.net.DualStackPlainSocketImpl.waitForNewConnection(Native Method)
19/09 09:52:28 	at java.net.DualStackPlainSocketImpl.socketAccept(Unknown Source)
19/09 09:52:28 	at java.net.AbstractPlainSocketImpl.accept(Unknown Source)
19/09 09:52:28 	at java.net.PlainSocketImpl.accept(Unknown Source)
19/09 09:52:28 	at java.net.ServerSocket.implAccept(Unknown Source)
19/09 09:52:28 	at java.net.ServerSocket.accept(Unknown Source)
19/09 09:52:28 	at com.fis.chat.server.thread.ThreadServer.processSession(ThreadServer.java:124)
19/09 09:52:28 	at com.fss.thread.ManageableThread.session(ManageableThread.java:1341)
19/09 09:52:28 	at com.fss.thread.ManageableThread.run(ManageableThread.java:1288)
19/09 09:52:28 	at java.lang.Thread.run(Unknown Source)
19/09 09:52:31 java.net.SocketTimeoutException: Accept timed out
19/09 09:52:31 	at java.net.DualStackPlainSocketImpl.waitForNewConnection(Native Method)
19/09 09:52:31 	at java.net.DualStackPlainSocketImpl.socketAccept(Unknown Source)
19/09 09:52:31 	at java.net.AbstractPlainSocketImpl.accept(Unknown Source)
19/09 09:52:31 	at java.net.PlainSocketImpl.accept(Unknown Source)
19/09 09:52:31 	at java.net.ServerSocket.implAccept(Unknown Source)
19/09 09:52:31 	at java.net.ServerSocket.accept(Unknown Source)
19/09 09:52:31 	at com.fis.chat.server.thread.ThreadServer.processSession(ThreadServer.java:124)
19/09 09:52:31 	at com.fss.thread.ManageableThread.session(ManageableThread.java:1341)
19/09 09:52:31 	at com.fss.thread.ManageableThread.run(ManageableThread.java:1288)
19/09 09:52:31 	at java.lang.Thread.run(Unknown Source)
19/09 09:52:34 java.net.SocketTimeoutException: Accept timed out
19/09 09:52:34 	at java.net.DualStackPlainSocketImpl.waitForNewConnection(Native Method)
19/09 09:52:34 	at java.net.DualStackPlainSocketImpl.socketAccept(Unknown Source)
19/09 09:52:34 	at java.net.AbstractPlainSocketImpl.accept(Unknown Source)
19/09 09:52:34 	at java.net.PlainSocketImpl.accept(Unknown Source)
19/09 09:52:34 	at java.net.ServerSocket.implAccept(Unknown Source)
19/09 09:52:34 	at java.net.ServerSocket.accept(Unknown Source)
19/09 09:52:34 	at com.fis.chat.server.thread.ThreadServer.processSession(ThreadServer.java:124)
19/09 09:52:34 	at com.fss.thread.ManageableThread.session(ManageableThread.java:1341)
19/09 09:52:34 	at com.fss.thread.ManageableThread.run(ManageableThread.java:1288)
19/09 09:52:34 	at java.lang.Thread.run(Unknown Source)
19/09 09:52:37 java.net.SocketTimeoutException: Accept timed out
19/09 09:52:37 	at java.net.DualStackPlainSocketImpl.waitForNewConnection(Native Method)
19/09 09:52:37 	at java.net.DualStackPlainSocketImpl.socketAccept(Unknown Source)
19/09 09:52:37 	at java.net.AbstractPlainSocketImpl.accept(Unknown Source)
19/09 09:52:37 	at java.net.PlainSocketImpl.accept(Unknown Source)
19/09 09:52:37 	at java.net.ServerSocket.implAccept(Unknown Source)
19/09 09:52:37 	at java.net.ServerSocket.accept(Unknown Source)
19/09 09:52:37 	at com.fis.chat.server.thread.ThreadServer.processSession(ThreadServer.java:124)
19/09 09:52:37 	at com.fss.thread.ManageableThread.session(ManageableThread.java:1341)
19/09 09:52:37 	at com.fss.thread.ManageableThread.run(ManageableThread.java:1288)
19/09 09:52:37 	at java.lang.Thread.run(Unknown Source)
19/09 09:52:40 java.net.SocketTimeoutException: Accept timed out
19/09 09:52:40 	at java.net.DualStackPlainSocketImpl.waitForNewConnection(Native Method)
19/09 09:52:40 	at java.net.DualStackPlainSocketImpl.socketAccept(Unknown Source)
19/09 09:52:40 	at java.net.AbstractPlainSocketImpl.accept(Unknown Source)
19/09 09:52:40 	at java.net.PlainSocketImpl.accept(Unknown Source)
19/09 09:52:40 	at java.net.ServerSocket.implAccept(Unknown Source)
19/09 09:52:40 	at java.net.ServerSocket.accept(Unknown Source)
19/09 09:52:40 	at com.fis.chat.server.thread.ThreadServer.processSession(ThreadServer.java:124)
19/09 09:52:40 	at com.fss.thread.ManageableThread.session(ManageableThread.java:1341)
19/09 09:52:40 	at com.fss.thread.ManageableThread.run(ManageableThread.java:1288)
19/09 09:52:40 	at java.lang.Thread.run(Unknown Source)
19/09 09:52:43 java.net.SocketTimeoutException: Accept timed out
19/09 09:52:43 	at java.net.DualStackPlainSocketImpl.waitForNewConnection(Native Method)
19/09 09:52:43 	at java.net.DualStackPlainSocketImpl.socketAccept(Unknown Source)
19/09 09:52:43 	at java.net.AbstractPlainSocketImpl.accept(Unknown Source)
19/09 09:52:43 	at java.net.PlainSocketImpl.accept(Unknown Source)
19/09 09:52:43 	at java.net.ServerSocket.implAccept(Unknown Source)
19/09 09:52:43 	at java.net.ServerSocket.accept(Unknown Source)
19/09 09:52:43 	at com.fis.chat.server.thread.ThreadServer.processSession(ThreadServer.java:124)
19/09 09:52:43 	at com.fss.thread.ManageableThread.session(ManageableThread.java:1341)
19/09 09:52:43 	at com.fss.thread.ManageableThread.run(ManageableThread.java:1288)
19/09 09:52:43 	at java.lang.Thread.run(Unknown Source)
19/09 09:52:46 java.net.SocketTimeoutException: Accept timed out
19/09 09:52:46 	at java.net.DualStackPlainSocketImpl.waitForNewConnection(Native Method)
19/09 09:52:46 	at java.net.DualStackPlainSocketImpl.socketAccept(Unknown Source)
19/09 09:52:46 	at java.net.AbstractPlainSocketImpl.accept(Unknown Source)
19/09 09:52:46 	at java.net.PlainSocketImpl.accept(Unknown Source)
19/09 09:52:46 	at java.net.ServerSocket.implAccept(Unknown Source)
19/09 09:52:46 	at java.net.ServerSocket.accept(Unknown Source)
19/09 09:52:46 	at com.fis.chat.server.thread.ThreadServer.processSession(ThreadServer.java:124)
19/09 09:52:46 	at com.fss.thread.ManageableThread.session(ManageableThread.java:1341)
19/09 09:52:46 	at com.fss.thread.ManageableThread.run(ManageableThread.java:1288)
19/09 09:52:46 	at java.lang.Thread.run(Unknown Source)
19/09 09:52:49 java.net.SocketTimeoutException: Accept timed out
19/09 09:52:49 	at java.net.DualStackPlainSocketImpl.waitForNewConnection(Native Method)
19/09 09:52:49 	at java.net.DualStackPlainSocketImpl.socketAccept(Unknown Source)
19/09 09:52:49 	at java.net.AbstractPlainSocketImpl.accept(Unknown Source)
19/09 09:52:49 	at java.net.PlainSocketImpl.accept(Unknown Source)
19/09 09:52:49 	at java.net.ServerSocket.implAccept(Unknown Source)
19/09 09:52:49 	at java.net.ServerSocket.accept(Unknown Source)
19/09 09:52:49 	at com.fis.chat.server.thread.ThreadServer.processSession(ThreadServer.java:124)
19/09 09:52:49 	at com.fss.thread.ManageableThread.session(ManageableThread.java:1341)
19/09 09:52:49 	at com.fss.thread.ManageableThread.run(ManageableThread.java:1288)
19/09 09:52:49 	at java.lang.Thread.run(Unknown Source)
19/09 09:52:52 java.net.SocketTimeoutException: Accept timed out
19/09 09:52:52 	at java.net.DualStackPlainSocketImpl.waitForNewConnection(Native Method)
19/09 09:52:52 	at java.net.DualStackPlainSocketImpl.socketAccept(Unknown Source)
19/09 09:52:52 	at java.net.AbstractPlainSocketImpl.accept(Unknown Source)
19/09 09:52:52 	at java.net.PlainSocketImpl.accept(Unknown Source)
19/09 09:52:52 	at java.net.ServerSocket.implAccept(Unknown Source)
19/09 09:52:52 	at java.net.ServerSocket.accept(Unknown Source)
19/09 09:52:52 	at com.fis.chat.server.thread.ThreadServer.processSession(ThreadServer.java:124)
19/09 09:52:52 	at com.fss.thread.ManageableThread.session(ManageableThread.java:1341)
19/09 09:52:52 	at com.fss.thread.ManageableThread.run(ManageableThread.java:1288)
19/09 09:52:52 	at java.lang.Thread.run(Unknown Source)
19/09 09:52:55 java.net.SocketTimeoutException: Accept timed out
19/09 09:52:55 	at java.net.DualStackPlainSocketImpl.waitForNewConnection(Native Method)
19/09 09:52:55 	at java.net.DualStackPlainSocketImpl.socketAccept(Unknown Source)
19/09 09:52:55 	at java.net.AbstractPlainSocketImpl.accept(Unknown Source)
19/09 09:52:55 	at java.net.PlainSocketImpl.accept(Unknown Source)
19/09 09:52:55 	at java.net.ServerSocket.implAccept(Unknown Source)
19/09 09:52:55 	at java.net.ServerSocket.accept(Unknown Source)
19/09 09:52:55 	at com.fis.chat.server.thread.ThreadServer.processSession(ThreadServer.java:124)
19/09 09:52:55 	at com.fss.thread.ManageableThread.session(ManageableThread.java:1341)
19/09 09:52:55 	at com.fss.thread.ManageableThread.run(ManageableThread.java:1288)
19/09 09:52:55 	at java.lang.Thread.run(Unknown Source)
19/09 09:52:58 java.net.SocketTimeoutException: Accept timed out
19/09 09:52:58 	at java.net.DualStackPlainSocketImpl.waitForNewConnection(Native Method)
19/09 09:52:58 	at java.net.DualStackPlainSocketImpl.socketAccept(Unknown Source)
19/09 09:52:58 	at java.net.AbstractPlainSocketImpl.accept(Unknown Source)
19/09 09:52:58 	at java.net.PlainSocketImpl.accept(Unknown Source)
19/09 09:52:58 	at java.net.ServerSocket.implAccept(Unknown Source)
19/09 09:52:58 	at java.net.ServerSocket.accept(Unknown Source)
19/09 09:52:58 	at com.fis.chat.server.thread.ThreadServer.processSession(ThreadServer.java:124)
19/09 09:52:58 	at com.fss.thread.ManageableThread.session(ManageableThread.java:1341)
19/09 09:52:58 	at com.fss.thread.ManageableThread.run(ManageableThread.java:1288)
19/09 09:52:58 	at java.lang.Thread.run(Unknown Source)
19/09 09:53:01 java.net.SocketTimeoutException: Accept timed out
19/09 09:53:01 	at java.net.DualStackPlainSocketImpl.waitForNewConnection(Native Method)
19/09 09:53:01 	at java.net.DualStackPlainSocketImpl.socketAccept(Unknown Source)
19/09 09:53:01 	at java.net.AbstractPlainSocketImpl.accept(Unknown Source)
19/09 09:53:01 	at java.net.PlainSocketImpl.accept(Unknown Source)
19/09 09:53:01 	at java.net.ServerSocket.implAccept(Unknown Source)
19/09 09:53:01 	at java.net.ServerSocket.accept(Unknown Source)
19/09 09:53:01 	at com.fis.chat.server.thread.ThreadServer.processSession(ThreadServer.java:124)
19/09 09:53:01 	at com.fss.thread.ManageableThread.session(ManageableThread.java:1341)
19/09 09:53:01 	at com.fss.thread.ManageableThread.run(ManageableThread.java:1288)
19/09 09:53:01 	at java.lang.Thread.run(Unknown Source)
19/09 09:53:04 java.net.SocketTimeoutException: Accept timed out
19/09 09:53:04 	at java.net.DualStackPlainSocketImpl.waitForNewConnection(Native Method)
19/09 09:53:04 	at java.net.DualStackPlainSocketImpl.socketAccept(Unknown Source)
19/09 09:53:04 	at java.net.AbstractPlainSocketImpl.accept(Unknown Source)
19/09 09:53:04 	at java.net.PlainSocketImpl.accept(Unknown Source)
19/09 09:53:04 	at java.net.ServerSocket.implAccept(Unknown Source)
19/09 09:53:04 	at java.net.ServerSocket.accept(Unknown Source)
19/09 09:53:04 	at com.fis.chat.server.thread.ThreadServer.processSession(ThreadServer.java:124)
19/09 09:53:04 	at com.fss.thread.ManageableThread.session(ManageableThread.java:1341)
19/09 09:53:04 	at com.fss.thread.ManageableThread.run(ManageableThread.java:1288)
19/09 09:53:04 	at java.lang.Thread.run(Unknown Source)
19/09 09:53:07 java.net.SocketTimeoutException: Accept timed out
19/09 09:53:07 	at java.net.DualStackPlainSocketImpl.waitForNewConnection(Native Method)
19/09 09:53:07 	at java.net.DualStackPlainSocketImpl.socketAccept(Unknown Source)
19/09 09:53:07 	at java.net.AbstractPlainSocketImpl.accept(Unknown Source)
19/09 09:53:07 	at java.net.PlainSocketImpl.accept(Unknown Source)
19/09 09:53:07 	at java.net.ServerSocket.implAccept(Unknown Source)
19/09 09:53:07 	at java.net.ServerSocket.accept(Unknown Source)
19/09 09:53:07 	at com.fis.chat.server.thread.ThreadServer.processSession(ThreadServer.java:124)
19/09 09:53:07 	at com.fss.thread.ManageableThread.session(ManageableThread.java:1341)
19/09 09:53:07 	at com.fss.thread.ManageableThread.run(ManageableThread.java:1288)
19/09 09:53:07 	at java.lang.Thread.run(Unknown Source)
19/09 09:53:10 java.net.SocketTimeoutException: Accept timed out
19/09 09:53:10 	at java.net.DualStackPlainSocketImpl.waitForNewConnection(Native Method)
19/09 09:53:10 	at java.net.DualStackPlainSocketImpl.socketAccept(Unknown Source)
19/09 09:53:10 	at java.net.AbstractPlainSocketImpl.accept(Unknown Source)
19/09 09:53:10 	at java.net.PlainSocketImpl.accept(Unknown Source)
19/09 09:53:10 	at java.net.ServerSocket.implAccept(Unknown Source)
19/09 09:53:10 	at java.net.ServerSocket.accept(Unknown Source)
19/09 09:53:10 	at com.fis.chat.server.thread.ThreadServer.processSession(ThreadServer.java:124)
19/09 09:53:10 	at com.fss.thread.ManageableThread.session(ManageableThread.java:1341)
19/09 09:53:10 	at com.fss.thread.ManageableThread.run(ManageableThread.java:1288)
19/09 09:53:10 	at java.lang.Thread.run(Unknown Source)
19/09 09:53:13 java.net.SocketTimeoutException: Accept timed out
19/09 09:53:13 	at java.net.DualStackPlainSocketImpl.waitForNewConnection(Native Method)
19/09 09:53:13 	at java.net.DualStackPlainSocketImpl.socketAccept(Unknown Source)
19/09 09:53:13 	at java.net.AbstractPlainSocketImpl.accept(Unknown Source)
19/09 09:53:13 	at java.net.PlainSocketImpl.accept(Unknown Source)
19/09 09:53:13 	at java.net.ServerSocket.implAccept(Unknown Source)
19/09 09:53:13 	at java.net.ServerSocket.accept(Unknown Source)
19/09 09:53:13 	at com.fis.chat.server.thread.ThreadServer.processSession(ThreadServer.java:124)
19/09 09:53:13 	at com.fss.thread.ManageableThread.session(ManageableThread.java:1341)
19/09 09:53:13 	at com.fss.thread.ManageableThread.run(ManageableThread.java:1288)
19/09 09:53:13 	at java.lang.Thread.run(Unknown Source)
19/09 09:53:14 java.net.SocketException: Connection reset
19/09 09:53:14 	at java.net.SocketInputStream.read(Unknown Source)
19/09 09:53:14 	at java.net.SocketInputStream.read(Unknown Source)
19/09 09:53:14 	at com.fss.util.StreamUtil.getFixedSizeBuffer(StreamUtil.java:424)
19/09 09:53:14 	at com.fss.ddtp.DDTP.load(DDTP.java:81)
19/09 09:53:14 	at com.fss.ddtp.DDTP.<init>(DDTP.java:63)
19/09 09:53:14 	at com.fss.ddtp.SocketTransmitter.run(SocketTransmitter.java:93)
19/09 09:53:14 	at java.lang.Thread.run(Unknown Source)
19/09 09:53:16 java.net.SocketTimeoutException: Accept timed out
19/09 09:53:16 	at java.net.DualStackPlainSocketImpl.waitForNewConnection(Native Method)
19/09 09:53:16 	at java.net.DualStackPlainSocketImpl.socketAccept(Unknown Source)
19/09 09:53:16 	at java.net.AbstractPlainSocketImpl.accept(Unknown Source)
19/09 09:53:16 	at java.net.PlainSocketImpl.accept(Unknown Source)
19/09 09:53:16 	at java.net.ServerSocket.implAccept(Unknown Source)
19/09 09:53:16 	at java.net.ServerSocket.accept(Unknown Source)
19/09 09:53:16 	at com.fis.chat.server.thread.ThreadServer.processSession(ThreadServer.java:124)
19/09 09:53:16 	at com.fss.thread.ManageableThread.session(ManageableThread.java:1341)
19/09 09:53:16 	at com.fss.thread.ManageableThread.run(ManageableThread.java:1288)
19/09 09:53:16 	at java.lang.Thread.run(Unknown Source)
