01/07 09:53:50 <FONT color="#2266CC"><U>User 'system' connected successfully</U></FONT>
01/07 09:53:51 <FONT color="#CC6622"><U>User 'system' disconnected</U></FONT>
01/07 09:53:53 <FONT color="#2266CC"><U>User 'system' connected successfully</U></FONT>
01/07 09:55:43 <FONT color="#2266CC"><U>User 'system' connected successfully</U></FONT>
01/07 09:56:55 <FONT color="#2266CC"><U>User 'system' connected successfully</U></FONT>
01/07 09:57:01 User 'system' try to update parameter of thread 'ThreadServer'
01/07 09:57:02 Parameter of thread 'ThreadServer' updated
01/07 09:57:02 User 'system' try to start thread 'ThreadServer'
01/07 09:57:03 <FONT color="#0033CC"><B>ThreadServer started</B></FONT>
01/07 09:57:49 <FONT color="#2266CC"><U>User 'system' connected successfully</U></FONT>
01/07 09:57:51 User 'system' try to start thread 'ThreadServer'
01/07 09:57:52 <FONT color="#0033CC"><B>ThreadServer started</B></FONT>
01/07 10:01:22 <FONT color="#2266CC"><U>User 'system' connected successfully</U></FONT>
01/07 10:01:24 User 'system' try to start thread 'ThreadServer'
01/07 10:01:24 <FONT color="#0033CC"><B>ThreadServer started</B></FONT>
01/07 10:04:58 <FONT color="#2266CC"><U>User 'system' connected successfully</U></FONT>
01/07 10:05:01 User 'system' try to start thread 'ThreadServer'
01/07 10:05:01 <FONT color="#0033CC"><B>ThreadServer started</B></FONT>
01/07 10:07:43 <FONT color="#2266CC"><U>User 'system' connected successfully</U></FONT>
01/07 10:07:45 User 'system' try to start thread 'ThreadServer'
01/07 10:07:45 <FONT color="#0033CC"><B>ThreadServer started</B></FONT>
01/07 10:14:36 <FONT color="#2266CC"><U>User 'system' connected successfully</U></FONT>
01/07 10:14:38 User 'system' try to start thread 'ThreadServer'
01/07 10:14:39 <FONT color="#0033CC"><B>ThreadServer started</B></FONT>
01/07 10:16:29 <FONT color="#2266CC"><U>User 'system' connected successfully</U></FONT>
01/07 10:16:31 User 'system' try to start thread 'ThreadServer'
01/07 10:16:31 <FONT color="#0033CC"><B>ThreadServer started</B></FONT>
01/07 10:17:28 <FONT color="#2266CC"><U>User 'system' connected successfully</U></FONT>
01/07 10:17:30 User 'system' try to start thread 'ThreadServer'
01/07 10:17:30 <FONT color="#0033CC"><B>ThreadServer started</B></FONT>
01/07 10:18:18 <FONT color="#2266CC"><U>User 'system' connected successfully</U></FONT>
01/07 10:18:21 User 'system' try to start thread 'ThreadServer'
01/07 10:18:21 <FONT color="#0033CC"><B>ThreadServer started</B></FONT>
01/07 10:18:54 <FONT color="#2266CC"><U>User 'system' connected successfully</U></FONT>
01/07 10:18:56 User 'system' try to start thread 'ThreadServer'
01/07 10:18:57 <FONT color="#0033CC"><B>ThreadServer started</B></FONT>
01/07 10:24:09 <FONT color="#2266CC"><U>User 'system' connected successfully</U></FONT>
01/07 10:24:11 User 'system' try to start thread 'ThreadServer'
01/07 10:24:11 <FONT color="#0033CC"><B>ThreadServer started</B></FONT>
01/07 10:42:41 <FONT color="#2266CC"><U>User 'system' connected successfully</U></FONT>
01/07 10:42:43 User 'system' try to start thread 'ThreadServer'
01/07 10:42:43 <FONT color="#0033CC"><B>ThreadServer started</B></FONT>
01/07 10:44:06 <FONT color="#2266CC"><U>User 'system' connected successfully</U></FONT>
01/07 10:44:08 User 'system' try to start thread 'ThreadServer'
01/07 10:44:08 <FONT color="#0033CC"><B>ThreadServer started</B></FONT>
01/07 10:45:50 <FONT color="#CC6622"><U>User 'system' disconnected</U></FONT>
01/07 10:46:30 <FONT color="#2266CC"><U>User 'system' connected successfully</U></FONT>
01/07 10:48:15 <FONT color="#2266CC"><U>User 'system' connected successfully</U></FONT>
01/07 10:48:16 User 'system' try to start thread 'ThreadServer'
01/07 10:48:17 <FONT color="#0033CC"><B>ThreadServer started</B></FONT>
01/07 10:49:18 <FONT color="#CC6622"><U>User 'system' disconnected</U></FONT>
01/07 10:53:10 <FONT color="#2266CC"><U>User 'system' connected successfully</U></FONT>
01/07 10:53:13 User 'system' try to start thread 'ThreadServer'
01/07 10:53:14 <FONT color="#0033CC"><B>ThreadServer started</B></FONT>
01/07 11:00:19 <FONT color="#2266CC"><U>User 'system' connected successfully</U></FONT>
01/07 11:00:27 User 'system' try to start thread 'ThreadServer'
01/07 11:00:27 <FONT color="#0033CC"><B>ThreadServer started</B></FONT>
01/07 11:00:44 <FONT color="#2266CC"><U>User 'system' connected successfully</U></FONT>
01/07 11:00:46 User 'system' try to start thread 'ThreadServer'
01/07 11:00:46 <FONT color="#0033CC"><B>ThreadServer started</B></FONT>
01/07 11:09:56 <FONT color="#2266CC"><U>User 'system' connected successfully</U></FONT>
01/07 11:09:58 User 'system' try to start thread 'ThreadServer'
01/07 11:09:58 <FONT color="#0033CC"><B>ThreadServer started</B></FONT>
01/07 11:11:21 <FONT color="#2266CC"><U>User 'system' connected successfully</U></FONT>
01/07 11:11:23 User 'system' try to start thread 'ThreadServer'
01/07 11:11:24 <FONT color="#0033CC"><B>ThreadServer started</B></FONT>
01/07 12:12:21 <FONT color="#2266CC"><U>User 'system' connected successfully</U></FONT>
01/07 12:12:23 User 'system' try to start thread 'ThreadServer'
01/07 12:12:23 <FONT color="#0033CC"><B>ThreadServer started</B></FONT>
01/07 14:29:13 <FONT color="#2266CC"><U>User 'system' connected successfully</U></FONT>
01/07 14:29:14 User 'system' try to start thread 'ThreadServer'
01/07 14:29:14 <FONT color="#0033CC"><B>ThreadServer started</B></FONT>
01/07 14:37:45 <FONT color="#CC6622"><U>User 'system' disconnected</U></FONT>
01/07 14:41:51 <FONT color="#2266CC"><U>User 'system' connected successfully</U></FONT>
01/07 14:52:38 <FONT color="#2266CC"><U>User 'system' connected successfully</U></FONT>
01/07 14:52:40 User 'system' try to start thread 'ThreadServer'
01/07 14:52:41 <FONT color="#0033CC"><B>ThreadServer started</B></FONT>
01/07 14:59:38 <FONT color="#2266CC"><U>User 'system' connected successfully</U></FONT>
01/07 14:59:40 User 'system' try to start thread 'ThreadServer'
01/07 14:59:41 <FONT color="#0033CC"><B>ThreadServer started</B></FONT>
01/07 15:11:38 <FONT color="#2266CC"><U>User 'system' connected successfully</U></FONT>
01/07 15:11:43 User 'system' try to start thread 'ThreadServer'
01/07 15:11:43 <FONT color="#0033CC"><B>ThreadServer started</B></FONT>
01/07 15:25:10 <FONT color="#2266CC"><U>User 'system' connected successfully</U></FONT>
01/07 15:25:11 User 'system' try to start thread 'ThreadServer'
01/07 15:25:11 <FONT color="#0033CC"><B>ThreadServer started</B></FONT>
01/07 15:53:17 User 'system' try to destroy thread 'ThreadServer'
01/07 15:53:27 User 'system' try to start thread 'ThreadServer'
01/07 15:53:28 <FONT color="#0033CC"><B>ThreadServer started</B></FONT>
01/07 15:55:05 <FONT color="#2266CC"><U>User 'system' connected successfully</U></FONT>
01/07 15:55:07 User 'system' try to start thread 'ThreadServer'
01/07 15:55:07 <FONT color="#0033CC"><B>ThreadServer started</B></FONT>
01/07 16:01:31 <FONT color="#2266CC"><U>User 'system' connected successfully</U></FONT>
01/07 16:01:35 User 'system' try to start thread 'ThreadServer'
01/07 16:01:36 <FONT color="#0033CC"><B>ThreadServer started</B></FONT>
01/07 16:24:27 <FONT color="#2266CC"><U>User 'system' connected successfully</U></FONT>
01/07 16:24:29 User 'system' try to start thread 'ThreadServer'
01/07 16:24:30 <FONT color="#0033CC"><B>ThreadServer started</B></FONT>
01/07 16:28:31 <FONT color="#2266CC"><U>User 'system' connected successfully</U></FONT>
01/07 16:28:37 User 'system' try to start thread 'ThreadServer'
01/07 16:28:37 <FONT color="#0033CC"><B>ThreadServer started</B></FONT>
01/07 16:31:13 <FONT color="#2266CC"><U>User 'system' connected successfully</U></FONT>
01/07 16:31:14 User 'system' try to start thread 'ThreadServer'
01/07 16:31:15 <FONT color="#0033CC"><B>ThreadServer started</B></FONT>
01/07 16:39:02 <FONT color="#2266CC"><U>User 'system' connected successfully</U></FONT>
01/07 16:39:03 User 'system' try to start thread 'ThreadServer'
01/07 16:39:04 <FONT color="#0033CC"><B>ThreadServer started</B></FONT>
01/07 16:45:47 <FONT color="#2266CC"><U>User 'system' connected successfully</U></FONT>
01/07 16:45:49 User 'system' try to start thread 'ThreadServer'
01/07 16:45:49 <FONT color="#0033CC"><B>ThreadServer started</B></FONT>
01/07 16:49:16 <FONT color="#2266CC"><U>User 'system' connected successfully</U></FONT>
01/07 16:49:17 User 'system' try to start thread 'ThreadServer'
01/07 16:49:18 <FONT color="#0033CC"><B>ThreadServer started</B></FONT>
01/07 16:51:18 <FONT color="#CC6622"><U>User 'system' disconnected</U></FONT>
01/07 21:07:42 <FONT color="#2266CC"><U>User 'system' connected successfully</U></FONT>
01/07 21:07:56 User 'system' try to start thread 'ThreadServer'
01/07 21:07:56 <FONT color="#0033CC"><B>ThreadServer started</B></FONT>
01/07 21:18:13 <FONT color="#2266CC"><U>User 'system' connected successfully</U></FONT>
01/07 21:18:15 User 'system' try to start thread 'ThreadServer'
01/07 21:18:16 <FONT color="#0033CC"><B>ThreadServer started</B></FONT>
01/07 23:05:41 <FONT color="#CC6622"><U>User 'system' disconnected</U></FONT>
02/07 08:40:50 <FONT color="#2266CC"><U>User 'system' connected successfully</U></FONT>
02/07 08:40:53 User 'system' try to start thread 'ThreadServer'
02/07 08:40:53 <FONT color="#0033CC"><B>ThreadServer started</B></FONT>
02/07 09:05:49 <FONT color="#2266CC"><U>User 'system' connected successfully</U></FONT>
02/07 09:05:51 User 'system' try to start thread 'ThreadServer'
02/07 09:05:51 <FONT color="#0033CC"><B>ThreadServer started</B></FONT>
02/07 09:09:49 <FONT color="#2266CC"><U>User 'system' connected successfully</U></FONT>
02/07 09:09:50 User 'system' try to start thread 'ThreadServer'
02/07 09:09:50 <FONT color="#0033CC"><B>ThreadServer started</B></FONT>
02/07 09:12:15 <FONT color="#2266CC"><U>User 'system' connected successfully</U></FONT>
02/07 09:12:16 User 'system' try to start thread 'ThreadServer'
02/07 09:12:17 <FONT color="#0033CC"><B>ThreadServer started</B></FONT>
02/07 09:17:10 <FONT color="#2266CC"><U>User 'system' connected successfully</U></FONT>
02/07 09:17:12 User 'system' try to start thread 'ThreadServer'
02/07 09:17:12 <FONT color="#0033CC"><B>ThreadServer started</B></FONT>
02/07 09:17:30 User 'system' try to destroy thread 'ThreadServer'
02/07 09:21:34 <FONT color="#2266CC"><U>User 'system' connected successfully</U></FONT>
02/07 09:21:35 User 'system' try to start thread 'ThreadServer'
02/07 09:21:36 <FONT color="#0033CC"><B>ThreadServer started</B></FONT>
02/07 09:21:50 User 'system' try to destroy thread 'ThreadServer'
02/07 09:22:35 <FONT color="#2266CC"><U>User 'system' connected successfully</U></FONT>
02/07 09:22:37 User 'system' try to start thread 'ThreadServer'
02/07 09:22:37 <FONT color="#0033CC"><B>ThreadServer started</B></FONT>
02/07 09:22:50 User 'system' try to destroy thread 'ThreadServer'
02/07 09:23:35 <FONT color="#2266CC"><U>User 'system' connected successfully</U></FONT>
02/07 09:23:36 User 'system' try to start thread 'ThreadServer'
02/07 09:23:36 <FONT color="#0033CC"><B>ThreadServer started</B></FONT>
02/07 09:23:50 User 'system' try to destroy thread 'ThreadServer'
02/07 09:26:31 <FONT color="#2266CC"><U>User 'system' connected successfully</U></FONT>
02/07 09:26:33 User 'system' try to start thread 'ThreadServer'
02/07 09:26:33 <FONT color="#0033CC"><B>ThreadServer started</B></FONT>
02/07 09:26:48 User 'system' try to destroy thread 'ThreadServer'
02/07 09:28:04 <FONT color="#2266CC"><U>User 'system' connected successfully</U></FONT>
02/07 09:28:05 User 'system' try to start thread 'ThreadServer'
02/07 09:28:06 <FONT color="#0033CC"><B>ThreadServer started</B></FONT>
02/07 09:28:24 User 'system' try to destroy thread 'ThreadServer'
02/07 09:28:30 User 'system' try to start thread 'ThreadServer'
02/07 09:28:30 <FONT color="#0033CC"><B>ThreadServer started</B></FONT>
02/07 09:31:03 <FONT color="#2266CC"><U>User 'system' connected successfully</U></FONT>
02/07 09:31:04 User 'system' try to start thread 'ThreadServer'
02/07 09:31:05 <FONT color="#0033CC"><B>ThreadServer started</B></FONT>
02/07 09:31:20 User 'system' try to destroy thread 'ThreadServer'
02/07 09:31:51 User 'system' try to start thread 'ThreadServer'
02/07 09:31:51 <FONT color="#0033CC"><B>ThreadServer started</B></FONT>
02/07 09:38:02 <FONT color="#2266CC"><U>User 'system' connected successfully</U></FONT>
02/07 09:38:03 User 'system' try to start thread 'ThreadServer'
02/07 09:38:04 <FONT color="#0033CC"><B>ThreadServer started</B></FONT>
02/07 09:38:20 User 'system' try to destroy thread 'ThreadServer'
02/07 09:38:31 User 'system' try to start thread 'ThreadServer'
02/07 09:38:31 <FONT color="#0033CC"><B>ThreadServer started</B></FONT>
02/07 09:41:11 <FONT color="#2266CC"><U>User 'system' connected successfully</U></FONT>
02/07 09:41:12 User 'system' try to start thread 'ThreadServer'
02/07 09:41:13 <FONT color="#0033CC"><B>ThreadServer started</B></FONT>
02/07 09:42:53 User 'system' try to destroy thread 'ThreadServer'
02/07 09:44:31 <FONT color="#2266CC"><U>User 'system' connected successfully</U></FONT>
02/07 09:44:32 User 'system' try to start thread 'ThreadServer'
02/07 09:44:33 <FONT color="#0033CC"><B>ThreadServer started</B></FONT>
02/07 09:44:49 User 'system' try to destroy thread 'ThreadServer'
02/07 09:47:01 <FONT color="#2266CC"><U>User 'system' connected successfully</U></FONT>
02/07 09:47:03 User 'system' try to start thread 'ThreadServer'
02/07 09:47:04 <FONT color="#0033CC"><B>ThreadServer started</B></FONT>
02/07 09:47:42 User 'system' try to destroy thread 'ThreadServer'
02/07 09:51:02 <FONT color="#2266CC"><U>User 'system' connected successfully</U></FONT>
02/07 09:51:05 User 'system' try to start thread 'ThreadServer'
02/07 09:51:05 <FONT color="#0033CC"><B>ThreadServer started</B></FONT>
02/07 09:52:32 <FONT color="#2266CC"><U>User 'system' connected successfully</U></FONT>
02/07 09:52:34 User 'system' try to start thread 'ThreadServer'
02/07 09:52:34 <FONT color="#0033CC"><B>ThreadServer started</B></FONT>
02/07 09:52:57 User 'system' try to destroy thread 'ThreadServer'
02/07 09:53:58 <FONT color="#2266CC"><U>User 'system' connected successfully</U></FONT>
02/07 09:54:00 User 'system' try to start thread 'ThreadServer'
02/07 09:54:00 <FONT color="#0033CC"><B>ThreadServer started</B></FONT>
02/07 09:54:19 User 'system' try to destroy thread 'ThreadServer'
02/07 09:55:56 <FONT color="#2266CC"><U>User 'system' connected successfully</U></FONT>
02/07 09:55:58 User 'system' try to start thread 'ThreadServer'
02/07 09:55:58 <FONT color="#0033CC"><B>ThreadServer started</B></FONT>
02/07 09:57:59 <FONT color="#2266CC"><U>User 'system' connected successfully</U></FONT>
02/07 09:58:03 User 'system' try to start thread 'ThreadServer'
02/07 09:58:04 <FONT color="#0033CC"><B>ThreadServer started</B></FONT>
02/07 09:58:24 User 'system' try to destroy thread 'ThreadServer'
02/07 10:00:31 <FONT color="#2266CC"><U>User 'system' connected successfully</U></FONT>
02/07 10:00:36 User 'system' try to start thread 'ThreadServer'
02/07 10:00:36 <FONT color="#0033CC"><B>ThreadServer started</B></FONT>
02/07 10:01:01 User 'system' try to destroy thread 'ThreadServer'
02/07 10:02:33 User 'system' try to start thread 'ThreadServer'
02/07 10:02:33 <FONT color="#0033CC"><B>ThreadServer started</B></FONT>
02/07 10:03:38 <FONT color="#2266CC"><U>User 'system' connected successfully</U></FONT>
02/07 10:03:59 User 'system' try to start thread 'ThreadServer'
02/07 10:04:00 <FONT color="#0033CC"><B>ThreadServer started</B></FONT>
02/07 10:07:38 <FONT color="#2266CC"><U>User 'system' connected successfully</U></FONT>
02/07 10:08:01 User 'system' try to start thread 'ThreadServer'
02/07 10:08:02 <FONT color="#0033CC"><B>ThreadServer started</B></FONT>
02/07 10:08:12 User 'system' try to destroy thread 'ThreadServer'
02/07 10:08:20 User 'system' try to start thread 'ThreadServer'
02/07 10:08:21 <FONT color="#0033CC"><B>ThreadServer started</B></FONT>
02/07 10:11:09 User 'system' try to destroy thread 'ThreadServer'
02/07 10:11:29 User 'system' try to start thread 'ThreadServer'
02/07 10:11:30 <FONT color="#0033CC"><B>ThreadServer started</B></FONT>
02/07 10:12:08 User 'system' try to destroy thread 'ThreadServer'
02/07 10:12:26 User 'system' try to start thread 'ThreadServer'
02/07 10:12:27 <FONT color="#0033CC"><B>ThreadServer started</B></FONT>
02/07 10:35:03 <FONT color="#2266CC"><U>User 'system' connected successfully</U></FONT>
02/07 11:10:36 <FONT color="#2266CC"><U>User 'system' connected successfully</U></FONT>
02/07 11:14:18 User 'system' try to start thread 'MainServer'
02/07 11:14:19 <FONT color="#0033CC"><B>MainServer started</B></FONT>
02/07 11:20:13 <FONT color="#2266CC"><U>User 'system' connected successfully</U></FONT>
02/07 11:20:14 User 'system' try to start thread 'MainServer'
02/07 11:20:14 <FONT color="#0033CC"><B>MainServer started</B></FONT>
02/07 11:33:20 User 'system' try to destroy thread 'MainServer'
02/07 11:44:16 <FONT color="#2266CC"><U>User 'system' connected successfully</U></FONT>
02/07 11:44:18 User 'system' try to start thread 'MainServer'
02/07 11:44:18 <FONT color="#0033CC"><B>MainServer started</B></FONT>
02/07 11:45:32 User 'system' try to destroy thread 'MainServer'
02/07 11:48:33 <FONT color="#2266CC"><U>User 'system' connected successfully</U></FONT>
02/07 11:48:34 User 'system' try to start thread 'MainServer'
02/07 11:48:35 <FONT color="#0033CC"><B>MainServer started</B></FONT>
02/07 11:48:44 User 'system' try to destroy thread 'MainServer'
02/07 11:53:36 <FONT color="#2266CC"><U>User 'system' connected successfully</U></FONT>
02/07 11:53:38 User 'system' try to start thread 'MainServer'
02/07 11:53:38 <FONT color="#0033CC"><B>MainServer started</B></FONT>
02/07 11:54:15 User 'system' try to destroy thread 'MainServer'
02/07 11:55:22 <FONT color="#2266CC"><U>User 'system' connected successfully</U></FONT>
02/07 11:55:24 User 'system' try to start thread 'MainServer'
02/07 11:55:24 <FONT color="#0033CC"><B>MainServer started</B></FONT>
02/07 11:55:54 User 'system' try to destroy thread 'MainServer'
02/07 11:58:19 <FONT color="#2266CC"><U>User 'system' connected successfully</U></FONT>
02/07 11:58:21 User 'system' try to start thread 'MainServer'
02/07 11:58:21 <FONT color="#0033CC"><B>MainServer started</B></FONT>
02/07 11:58:32 User 'system' try to destroy thread 'MainServer'
02/07 11:59:22 <FONT color="#2266CC"><U>User 'system' connected successfully</U></FONT>
02/07 11:59:23 User 'system' try to start thread 'MainServer'
02/07 11:59:23 <FONT color="#0033CC"><B>MainServer started</B></FONT>
02/07 11:59:31 User 'system' try to destroy thread 'MainServer'
02/07 11:59:58 <FONT color="#2266CC"><U>User 'system' connected successfully</U></FONT>
02/07 11:59:59 User 'system' try to start thread 'MainServer'
02/07 11:59:59 <FONT color="#0033CC"><B>MainServer started</B></FONT>
02/07 12:00:07 User 'system' try to destroy thread 'MainServer'
02/07 12:01:17 <FONT color="#2266CC"><U>User 'system' connected successfully</U></FONT>
02/07 12:01:19 User 'system' try to start thread 'MainServer'
02/07 12:01:20 <FONT color="#0033CC"><B>MainServer started</B></FONT>
02/07 14:05:32 <FONT color="#2266CC"><U>User 'system' connected successfully</U></FONT>
02/07 14:05:34 User 'system' try to start thread 'MainServer'
02/07 14:05:34 <FONT color="#0033CC"><B>MainServer started</B></FONT>
02/07 14:05:46 User 'system' try to destroy thread 'MainServer'
02/07 14:18:08 <FONT color="#2266CC"><U>User 'system' connected successfully</U></FONT>
02/07 14:18:09 User 'system' try to start thread 'MainServer'
02/07 14:18:10 <FONT color="#0033CC"><B>MainServer started</B></FONT>
02/07 14:18:27 User 'system' try to update parameter of thread 'Thread Server'
02/07 14:18:28 Parameter of thread 'Thread Server' updated
02/07 14:18:47 User 'system' try to destroy thread 'Thread Server'
02/07 14:35:47 <FONT color="#2266CC"><U>User 'system' connected successfully</U></FONT>
02/07 14:35:51 User 'system' try to start thread 'Thread Server'
02/07 14:35:51 <FONT color="#0033CC"><B>Thread Server started</B></FONT>
02/07 14:36:08 User 'system' try to destroy thread 'Thread Server'
02/07 15:01:57 <FONT color="#2266CC"><U>User 'system' connected successfully</U></FONT>
02/07 15:01:59 User 'system' try to start thread 'Thread Server'
02/07 15:01:59 <FONT color="#0033CC"><B>Thread Server started</B></FONT>
02/07 15:02:06 User 'system' try to stop thread 'Thread Server'
02/07 15:02:53 <FONT color="#CC0033"><B>Thread Server stopped</B></FONT>
02/07 15:02:59 User 'system' try to start thread 'Thread Server'
02/07 15:02:59 <FONT color="#0033CC"><B>Thread Server started</B></FONT>
02/07 15:08:26 <FONT color="#2266CC"><U>User 'system' connected successfully</U></FONT>
02/07 15:08:29 User 'system' try to start thread 'Thread Server'
02/07 15:08:30 <FONT color="#0033CC"><B>Thread Server started</B></FONT>
02/07 15:09:30 User 'system' try to stop thread 'Thread Server'
02/07 15:09:46 <FONT color="#CC0033"><B>Thread Server stopped</B></FONT>
02/07 15:09:53 User 'system' try to start thread 'Thread Server'
02/07 15:09:54 <FONT color="#0033CC"><B>Thread Server started</B></FONT>
02/07 15:10:49 User 'system' try to stop thread 'Thread Server'
02/07 15:10:57 <FONT color="#CC0033"><B>Thread Server stopped</B></FONT>
02/07 15:12:26 <FONT color="#2266CC"><U>User 'system' connected successfully</U></FONT>
02/07 15:12:28 User 'system' try to start thread 'Thread Server'
02/07 15:12:28 <FONT color="#0033CC"><B>Thread Server started</B></FONT>
02/07 15:12:35 User 'system' try to stop thread 'Thread Server'
02/07 15:12:37 <FONT color="#CC0033"><B>Thread Server stopped</B></FONT>
02/07 15:12:45 User 'system' try to start thread 'Thread Server'
02/07 15:12:46 <FONT color="#0033CC"><B>Thread Server started</B></FONT>
02/07 15:16:22 <FONT color="#2266CC"><U>User 'system' connected successfully</U></FONT>
02/07 15:16:24 User 'system' try to start thread 'Thread Server'
02/07 15:16:24 <FONT color="#0033CC"><B>Thread Server started</B></FONT>
02/07 15:16:27 User 'system' try to stop thread 'Thread Server'
02/07 15:16:31 <FONT color="#CC0033"><B>Thread Server stopped</B></FONT>
02/07 15:16:37 User 'system' try to start thread 'Thread Server'
02/07 15:16:37 <FONT color="#0033CC"><B>Thread Server started</B></FONT>
02/07 15:16:40 User 'system' try to stop thread 'Thread Server'
02/07 15:16:44 <FONT color="#CC0033"><B>Thread Server stopped</B></FONT>
02/07 15:16:46 User 'system' try to start thread 'Thread Server'
02/07 15:16:46 <FONT color="#0033CC"><B>Thread Server started</B></FONT>
02/07 15:17:46 User 'system' try to stop thread 'Thread Server'
02/07 15:17:47 <FONT color="#CC0033"><B>Thread Server stopped</B></FONT>
02/07 15:17:54 User 'system' try to start thread 'Thread Server'
02/07 15:17:54 <FONT color="#0033CC"><B>Thread Server started</B></FONT>
02/07 15:18:23 User 'system' try to stop thread 'Thread Server'
02/07 15:18:24 <FONT color="#CC0033"><B>Thread Server stopped</B></FONT>
02/07 15:18:43 User 'system' try to start thread 'Thread Server'
02/07 15:18:43 <FONT color="#0033CC"><B>Thread Server started</B></FONT>
02/07 15:18:50 User 'system' try to stop thread 'Thread Server'
02/07 15:18:50 <FONT color="#CC0033"><B>Thread Server stopped</B></FONT>
02/07 15:18:58 User 'system' try to start thread 'Thread Server'
02/07 15:18:58 <FONT color="#0033CC"><B>Thread Server started</B></FONT>
02/07 15:26:14 <FONT color="#2266CC"><U>User 'system' connected successfully</U></FONT>
02/07 15:26:16 User 'system' try to start thread 'Thread Server'
02/07 15:26:16 <FONT color="#0033CC"><B>Thread Server started</B></FONT>
02/07 15:27:01 User 'system' try to stop thread 'Thread Server'
02/07 15:27:01 User 'system' try to start thread 'Thread Server'
02/07 15:27:03 <FONT color="#CC0033"><B>Thread Server stopped</B></FONT>
02/07 15:27:04 <FONT color="#0033CC"><B>Thread Server started</B></FONT>
02/07 15:28:28 <FONT color="#2266CC"><U>User 'system' connected successfully</U></FONT>
02/07 15:28:30 User 'system' try to start thread 'Thread Server'
02/07 15:28:31 <FONT color="#0033CC"><B>Thread Server started</B></FONT>
02/07 15:28:55 User 'system' try to stop thread 'Thread Server'
02/07 15:28:55 User 'system' try to start thread 'Thread Server'
02/07 15:28:55 <FONT color="#CC0033"><B>Thread Server stopped</B></FONT>
02/07 15:28:57 <FONT color="#0033CC"><B>Thread Server started</B></FONT>
02/07 15:29:22 <FONT color="#2266CC"><U>User 'system' connected successfully</U></FONT>
02/07 15:29:24 User 'system' try to start thread 'Thread Server'
02/07 15:29:24 <FONT color="#0033CC"><B>Thread Server started</B></FONT>
02/07 15:31:56 User 'system' try to stop thread 'Thread Server'
02/07 15:32:01 <FONT color="#CC0033"><B>Thread Server stopped</B></FONT>
02/07 15:32:52 User 'system' try to start thread 'Thread Server'
02/07 15:32:52 <FONT color="#0033CC"><B>Thread Server started</B></FONT>
05/07 09:50:00 <FONT color="#2266CC"><U>User 'system' connected successfully</U></FONT>
05/07 09:51:13 User 'system' try to start thread 'Thread Server'
05/07 09:51:14 <FONT color="#0033CC"><B>Thread Server started</B></FONT>
05/07 09:58:27 <FONT color="#2266CC"><U>User 'system' connected successfully</U></FONT>
05/07 09:58:30 User 'system' try to start thread 'Thread Server'
05/07 09:58:31 <FONT color="#0033CC"><B>Thread Server started</B></FONT>
05/07 10:02:26 <FONT color="#2266CC"><U>User 'system' connected successfully</U></FONT>
05/07 10:02:30 User 'system' try to start thread 'Thread Server'
05/07 10:02:31 <FONT color="#0033CC"><B>Thread Server started</B></FONT>
05/07 11:42:24 <FONT color="#2266CC"><U>User 'system' connected successfully</U></FONT>
05/07 11:42:28 User 'system' try to start thread 'Thread Server'
05/07 11:42:28 <FONT color="#0033CC"><B>Thread Server started</B></FONT>
05/07 14:30:19 <FONT color="#2266CC"><U>User 'system' connected successfully</U></FONT>
05/07 14:30:28 User 'system' try to start thread 'Thread Server'
05/07 14:30:28 <FONT color="#0033CC"><B>Thread Server started</B></FONT>
05/07 14:38:33 <FONT color="#2266CC"><U>User 'system' connected successfully</U></FONT>
05/07 14:38:38 User 'system' try to start thread 'Thread Server'
05/07 14:38:38 <FONT color="#0033CC"><B>Thread Server started</B></FONT>
05/07 14:44:27 User 'system' try to stop thread 'Thread Server'
05/07 14:44:33 <FONT color="#CC0033"><B>Thread Server stopped</B></FONT>
05/07 14:45:36 <FONT color="#2266CC"><U>User 'system' connected successfully</U></FONT>
05/07 14:45:38 User 'system' try to start thread 'Thread Server'
05/07 14:45:39 <FONT color="#0033CC"><B>Thread Server started</B></FONT>
05/07 14:50:36 <FONT color="#2266CC"><U>User 'system' connected successfully</U></FONT>
05/07 14:50:38 User 'system' try to start thread 'Thread Server'
05/07 14:50:39 <FONT color="#0033CC"><B>Thread Server started</B></FONT>
05/07 14:52:54 <FONT color="#CC6622"><U>User 'system' disconnected</U></FONT>
05/07 21:12:05 <FONT color="#2266CC"><U>User 'system' connected successfully</U></FONT>
05/07 21:12:10 User 'system' try to start thread 'Thread Server'
05/07 21:12:11 <FONT color="#0033CC"><B>Thread Server started</B></FONT>
06/07 08:50:07 <FONT color="#2266CC"><U>User 'system' connected successfully</U></FONT>
06/07 08:51:53 User 'system' try to start thread 'Thread Server'
06/07 08:51:54 <FONT color="#0033CC"><B>Thread Server started</B></FONT>
06/07 09:31:38 <FONT color="#2266CC"><U>User 'system' connected successfully</U></FONT>
06/07 09:31:40 User 'system' try to start thread 'Thread Server'
06/07 09:31:41 <FONT color="#0033CC"><B>Thread Server started</B></FONT>
06/07 09:44:06 <FONT color="#2266CC"><U>User 'system' connected successfully</U></FONT>
06/07 09:44:07 User 'system' try to start thread 'Thread Server'
06/07 09:44:08 <FONT color="#0033CC"><B>Thread Server started</B></FONT>
06/07 09:46:56 <FONT color="#2266CC"><U>User 'system' connected successfully</U></FONT>
06/07 09:46:58 User 'system' try to start thread 'Thread Server'
06/07 09:46:58 <FONT color="#0033CC"><B>Thread Server started</B></FONT>
06/07 09:50:09 <FONT color="#2266CC"><U>User 'system' connected successfully</U></FONT>
06/07 09:50:10 User 'system' try to start thread 'Thread Server'
06/07 09:50:11 <FONT color="#0033CC"><B>Thread Server started</B></FONT>
06/07 09:54:38 <FONT color="#2266CC"><U>User 'system' connected successfully</U></FONT>
06/07 09:54:39 User 'system' try to start thread 'Thread Server'
06/07 09:54:40 <FONT color="#0033CC"><B>Thread Server started</B></FONT>
06/07 10:00:56 <FONT color="#2266CC"><U>User 'system' connected successfully</U></FONT>
06/07 10:00:57 User 'system' try to start thread 'Thread Server'
06/07 10:00:58 <FONT color="#0033CC"><B>Thread Server started</B></FONT>
06/07 10:06:54 <FONT color="#2266CC"><U>User 'system' connected successfully</U></FONT>
06/07 10:06:55 User 'system' try to start thread 'Thread Server'
06/07 10:06:55 <FONT color="#0033CC"><B>Thread Server started</B></FONT>
06/07 10:12:37 <FONT color="#2266CC"><U>User 'system' connected successfully</U></FONT>
06/07 10:12:38 User 'system' try to start thread 'Thread Server'
06/07 10:12:39 <FONT color="#0033CC"><B>Thread Server started</B></FONT>
06/07 10:16:06 <FONT color="#2266CC"><U>User 'system' connected successfully</U></FONT>
06/07 10:16:08 User 'system' try to start thread 'Thread Server'
06/07 10:16:08 <FONT color="#0033CC"><B>Thread Server started</B></FONT>
06/07 17:00:54 <FONT color="#2266CC"><U>User 'system' connected successfully</U></FONT>
06/07 17:00:57 User 'system' try to start thread 'Thread Server'
06/07 17:00:58 <FONT color="#0033CC"><B>Thread Server started</B></FONT>
06/07 17:03:55 <FONT color="#CC6622"><U>User 'system' disconnected</U></FONT>
06/07 17:05:16 <FONT color="#2266CC"><U>User 'system' connected successfully</U></FONT>
06/07 17:05:24 User 'system' try to start thread 'Thread Server'
06/07 17:05:24 <FONT color="#0033CC"><B>Thread Server started</B></FONT>
06/07 17:10:16 User 'system' try to stop thread 'Thread Server'
06/07 17:10:22 <FONT color="#CC0033"><B>Thread Server stopped</B></FONT>
06/07 17:15:13 <FONT color="#2266CC"><U>User 'system' connected successfully</U></FONT>
06/07 17:15:17 User 'system' try to start thread 'Thread Server'
06/07 17:15:18 <FONT color="#0033CC"><B>Thread Server started</B></FONT>
06/07 17:16:38 User 'system' try to stop thread 'Thread Server'
06/07 17:16:42 <FONT color="#CC0033"><B>Thread Server stopped</B></FONT>
06/07 17:17:19 User 'system' try to start thread 'Thread Server'
06/07 17:17:20 <FONT color="#0033CC"><B>Thread Server started</B></FONT>
06/07 22:29:28 <FONT color="#2266CC"><U>User 'system' connected successfully</U></FONT>
06/07 22:29:32 User 'system' try to start thread 'Thread Server'
06/07 22:29:33 <FONT color="#0033CC"><B>Thread Server started</B></FONT>
06/07 22:31:59 <FONT color="#2266CC"><U>User 'system' connected successfully</U></FONT>
06/07 22:32:03 User 'system' try to start thread 'Thread Server'
06/07 22:32:04 <FONT color="#0033CC"><B>Thread Server started</B></FONT>
06/07 22:32:51 User 'system' try to stop thread 'Thread Server'
06/07 22:33:47 <FONT color="#CC0033"><B>Thread Server stopped</B></FONT>
06/07 22:33:58 User 'system' try to start thread 'Thread Server'
06/07 22:33:59 <FONT color="#0033CC"><B>Thread Server started</B></FONT>
06/07 22:35:49 User 'system' try to stop thread 'Thread Server'
06/07 22:36:04 <FONT color="#CC0033"><B>Thread Server stopped</B></FONT>
06/07 22:36:10 User 'system' try to start thread 'Thread Server'
06/07 22:36:10 <FONT color="#0033CC"><B>Thread Server started</B></FONT>
06/07 23:41:42 <FONT color="#2266CC"><U>User 'system' connected successfully</U></FONT>
06/07 23:41:50 User 'system' try to start thread 'Thread Server'
06/07 23:41:50 <FONT color="#0033CC"><B>Thread Server started</B></FONT>
06/07 23:44:42 User 'system' try to stop thread 'Thread Server'
06/07 23:44:47 <FONT color="#CC0033"><B>Thread Server stopped</B></FONT>
06/07 23:45:33 User 'system' try to start thread 'Thread Server'
06/07 23:45:33 <FONT color="#0033CC"><B>Thread Server started</B></FONT>
06/07 23:59:45 <FONT color="#2266CC"><U>User 'system' connected successfully</U></FONT>
06/07 23:59:49 User 'system' try to start thread 'Thread Server'
06/07 23:59:50 <FONT color="#0033CC"><B>Thread Server started</B></FONT>
07/07 00:00:01 User 'system' try to destroy thread 'Thread Server'
07/07 09:32:44 <FONT color="#2266CC"><U>User 'system' connected successfully</U></FONT>
07/07 09:43:42 <FONT color="#2266CC"><U>User 'system' connected successfully</U></FONT>
07/07 09:43:46 User 'system' try to start thread 'Thread Server'
07/07 09:43:46 <FONT color="#0033CC"><B>Thread Server started</B></FONT>
07/07 09:47:11 <FONT color="#2266CC"><U>User 'system' connected successfully</U></FONT>
07/07 09:47:14 User 'system' try to start thread 'Thread Server'
07/07 09:47:15 <FONT color="#0033CC"><B>Thread Server started</B></FONT>
07/07 09:51:59 <FONT color="#2266CC"><U>User 'system' connected successfully</U></FONT>
07/07 09:52:01 User 'system' try to start thread 'Thread Server'
07/07 09:52:02 <FONT color="#0033CC"><B>Thread Server started</B></FONT>
07/07 10:07:13 <FONT color="#2266CC"><U>User 'system' connected successfully</U></FONT>
07/07 10:07:17 User 'system' try to start thread 'Thread Server'
07/07 10:07:17 <FONT color="#0033CC"><B>Thread Server started</B></FONT>
07/07 10:11:33 <FONT color="#2266CC"><U>User 'system' connected successfully</U></FONT>
07/07 10:11:37 User 'system' try to start thread 'Thread Server'
07/07 10:11:38 <FONT color="#0033CC"><B>Thread Server started</B></FONT>
07/07 10:13:38 User 'system' try to stop thread 'Thread Server'
07/07 10:13:39 <FONT color="#CC0033"><B>Thread Server stopped</B></FONT>
07/07 10:14:17 User 'system' try to start thread 'Thread Server'
07/07 10:14:18 <FONT color="#0033CC"><B>Thread Server started</B></FONT>
07/07 10:25:10 <FONT color="#2266CC"><U>User 'system' connected successfully</U></FONT>
07/07 10:25:11 User 'system' try to start thread 'Thread Server'
07/07 10:25:12 <FONT color="#0033CC"><B>Thread Server started</B></FONT>
07/07 10:29:34 <FONT color="#2266CC"><U>User 'system' connected successfully</U></FONT>
07/07 10:29:36 User 'system' try to start thread 'Thread Server'
07/07 10:29:36 <FONT color="#0033CC"><B>Thread Server started</B></FONT>
07/07 10:33:30 <FONT color="#2266CC"><U>User 'system' connected successfully</U></FONT>
07/07 10:33:31 User 'system' try to start thread 'Thread Server'
07/07 10:33:32 <FONT color="#0033CC"><B>Thread Server started</B></FONT>
07/07 10:38:20 <FONT color="#2266CC"><U>User 'system' connected successfully</U></FONT>
07/07 10:38:21 User 'system' try to start thread 'Thread Server'
07/07 10:38:22 <FONT color="#0033CC"><B>Thread Server started</B></FONT>
07/07 10:43:53 <FONT color="#2266CC"><U>User 'system' connected successfully</U></FONT>
07/07 10:43:55 User 'system' try to start thread 'Thread Server'
07/07 10:43:55 <FONT color="#0033CC"><B>Thread Server started</B></FONT>
07/07 10:47:55 <FONT color="#2266CC"><U>User 'system' connected successfully</U></FONT>
07/07 10:47:57 User 'system' try to start thread 'Thread Server'
07/07 10:47:57 <FONT color="#0033CC"><B>Thread Server started</B></FONT>
07/07 10:52:01 <FONT color="#2266CC"><U>User 'system' connected successfully</U></FONT>
07/07 10:52:03 User 'system' try to start thread 'Thread Server'
07/07 10:52:03 <FONT color="#0033CC"><B>Thread Server started</B></FONT>
07/07 10:52:51 <FONT color="#2266CC"><U>User 'system' connected successfully</U></FONT>
07/07 10:52:52 User 'system' try to start thread 'Thread Server'
07/07 10:52:53 <FONT color="#0033CC"><B>Thread Server started</B></FONT>
07/07 11:00:10 <FONT color="#2266CC"><U>User 'system' connected successfully</U></FONT>
07/07 11:00:11 User 'system' try to start thread 'Thread Server'
07/07 11:00:12 <FONT color="#0033CC"><B>Thread Server started</B></FONT>
07/07 11:03:59 <FONT color="#2266CC"><U>User 'system' connected successfully</U></FONT>
07/07 11:04:01 User 'system' try to start thread 'Thread Server'
07/07 11:04:01 <FONT color="#0033CC"><B>Thread Server started</B></FONT>
07/07 11:09:51 <FONT color="#2266CC"><U>User 'system' connected successfully</U></FONT>
07/07 11:09:52 User 'system' try to start thread 'Thread Server'
07/07 11:09:53 <FONT color="#0033CC"><B>Thread Server started</B></FONT>
07/07 11:11:06 User 'system' try to stop thread 'Thread Server'
07/07 11:11:08 <FONT color="#CC0033"><B>Thread Server stopped</B></FONT>
07/07 11:12:40 User 'system' try to start thread 'Thread Server'
07/07 11:12:41 <FONT color="#0033CC"><B>Thread Server started</B></FONT>
07/07 11:20:28 <FONT color="#2266CC"><U>User 'system' connected successfully</U></FONT>
07/07 11:20:29 User 'system' try to start thread 'Thread Server'
07/07 11:20:30 <FONT color="#0033CC"><B>Thread Server started</B></FONT>
07/07 11:21:01 <FONT color="#2266CC"><U>User 'system' connected successfully</U></FONT>
07/07 11:21:02 User 'system' try to start thread 'Thread Server'
07/07 11:21:02 <FONT color="#0033CC"><B>Thread Server started</B></FONT>
07/07 11:21:36 User 'system' try to stop thread 'Thread Server'
07/07 11:21:39 <FONT color="#CC0033"><B>Thread Server stopped</B></FONT>
07/07 11:22:36 User 'system' try to start thread 'Thread Server'
07/07 11:22:36 <FONT color="#0033CC"><B>Thread Server started</B></FONT>
07/07 11:26:02 <FONT color="#2266CC"><U>User 'system' connected successfully</U></FONT>
07/07 11:26:03 User 'system' try to start thread 'Thread Server'
07/07 11:26:04 <FONT color="#0033CC"><B>Thread Server started</B></FONT>
07/07 11:28:33 <FONT color="#2266CC"><U>User 'system' connected successfully</U></FONT>
07/07 11:29:38 User 'system' try to start thread 'Thread Server'
07/07 11:29:39 <FONT color="#0033CC"><B>Thread Server started</B></FONT>
07/07 11:35:40 <FONT color="#2266CC"><U>User 'system' connected successfully</U></FONT>
07/07 11:37:05 User 'system' try to start thread 'Thread Server'
07/07 11:37:05 <FONT color="#0033CC"><B>Thread Server started</B></FONT>
07/07 11:59:27 <FONT color="#2266CC"><U>User 'system' connected successfully</U></FONT>
07/07 11:59:29 User 'system' try to start thread 'Thread Server'
07/07 11:59:29 <FONT color="#0033CC"><B>Thread Server started</B></FONT>
07/07 12:00:03 User 'system' try to stop thread 'Thread Server'
07/07 12:00:06 <FONT color="#CC0033"><B>Thread Server stopped</B></FONT>
07/07 12:00:29 <FONT color="#2266CC"><U>User 'system' connected successfully</U></FONT>
07/07 12:00:30 User 'system' try to start thread 'Thread Server'
07/07 12:00:31 <FONT color="#0033CC"><B>Thread Server started</B></FONT>
07/07 12:01:44 User 'system' try to stop thread 'Thread Server'
07/07 12:01:46 <FONT color="#CC0033"><B>Thread Server stopped</B></FONT>
07/07 12:02:10 User 'system' try to start thread 'Thread Server'
07/07 12:02:10 <FONT color="#0033CC"><B>Thread Server started</B></FONT>
07/07 14:13:48 <FONT color="#2266CC"><U>User 'system' connected successfully</U></FONT>
07/07 14:15:54 User 'system' try to start thread 'Thread Server'
07/07 14:15:55 <FONT color="#0033CC"><B>Thread Server started</B></FONT>
07/07 14:17:57 <FONT color="#CC6622"><U>User 'system' disconnected</U></FONT>
07/07 14:33:15 <FONT color="#2266CC"><U>User 'system' connected successfully</U></FONT>
07/07 14:33:16 User 'system' try to start thread 'Thread Server'
07/07 14:33:16 <FONT color="#0033CC"><B>Thread Server started</B></FONT>
07/07 14:43:48 <FONT color="#2266CC"><U>User 'system' connected successfully</U></FONT>
07/07 14:43:50 User 'system' try to start thread 'Thread Server'
07/07 14:43:51 <FONT color="#0033CC"><B>Thread Server started</B></FONT>
07/07 14:47:39 <FONT color="#2266CC"><U>User 'system' connected successfully</U></FONT>
07/07 14:47:59 User 'system' try to start thread 'Thread Server'
07/07 14:47:59 <FONT color="#0033CC"><B>Thread Server started</B></FONT>
07/07 14:49:59 <FONT color="#2266CC"><U>User 'system' connected successfully</U></FONT>
07/07 14:50:02 User 'system' try to start thread 'Thread Server'
07/07 14:50:03 <FONT color="#0033CC"><B>Thread Server started</B></FONT>
07/07 14:52:27 <FONT color="#2266CC"><U>User 'system' connected successfully</U></FONT>
07/07 14:52:28 User 'system' try to start thread 'Thread Server'
07/07 14:52:29 <FONT color="#0033CC"><B>Thread Server started</B></FONT>
07/07 16:36:59 <FONT color="#2266CC"><U>User 'system' connected successfully</U></FONT>
07/07 16:38:48 User 'system' try to start thread 'Thread Server'
07/07 16:38:49 <FONT color="#0033CC"><B>Thread Server started</B></FONT>
07/07 16:41:57 User 'system' try to stop thread 'Thread Server'
07/07 16:41:58 <FONT color="#CC0033"><B>Thread Server stopped</B></FONT>
07/07 16:42:33 User 'system' try to start thread 'Thread Server'
07/07 16:42:34 <FONT color="#0033CC"><B>Thread Server started</B></FONT>
07/07 16:46:40 <FONT color="#2266CC"><U>User 'system' connected successfully</U></FONT>
07/07 16:48:15 User 'system' try to start thread 'Thread Server'
07/07 16:48:16 <FONT color="#0033CC"><B>Thread Server started</B></FONT>
07/07 16:48:30 User 'system' try to stop thread 'Thread Server'
07/07 16:48:32 <FONT color="#CC0033"><B>Thread Server stopped</B></FONT>
07/07 16:48:51 User 'system' try to start thread 'Thread Server'
07/07 16:48:51 <FONT color="#0033CC"><B>Thread Server started</B></FONT>
07/07 16:55:53 <FONT color="#2266CC"><U>User 'system' connected successfully</U></FONT>
07/07 16:55:54 User 'system' try to start thread 'Thread Server'
07/07 16:55:54 <FONT color="#0033CC"><B>Thread Server started</B></FONT>
07/07 16:57:54 <FONT color="#2266CC"><U>User 'system' connected successfully</U></FONT>
07/07 16:57:55 User 'system' try to start thread 'Thread Server'
07/07 16:57:55 <FONT color="#0033CC"><B>Thread Server started</B></FONT>
07/07 17:00:01 <FONT color="#2266CC"><U>User 'system' connected successfully</U></FONT>
07/07 17:00:03 User 'system' try to start thread 'Thread Server'
07/07 17:00:03 <FONT color="#0033CC"><B>Thread Server started</B></FONT>
07/07 17:07:30 <FONT color="#2266CC"><U>User 'system' connected successfully</U></FONT>
07/07 17:07:32 User 'system' try to start thread 'Thread Server'
07/07 17:07:33 <FONT color="#0033CC"><B>Thread Server started</B></FONT>
07/07 17:09:49 <FONT color="#CC6622"><U>User 'system' disconnected</U></FONT>
08/07 16:33:43 <FONT color="#2266CC"><U>User 'system' connected successfully</U></FONT>
08/07 16:33:46 User 'system' try to start thread 'Thread Server'
08/07 16:33:47 <FONT color="#0033CC"><B>Thread Server started</B></FONT>
08/07 16:37:27 <FONT color="#2266CC"><U>User 'system' connected successfully</U></FONT>
08/07 16:37:30 User 'system' try to start thread 'Thread Server'
08/07 16:37:30 <FONT color="#0033CC"><B>Thread Server started</B></FONT>
08/07 16:39:41 User 'system' try to stop thread 'Thread Server'
08/07 16:39:42 <FONT color="#CC0033"><B>Thread Server stopped</B></FONT>
08/07 16:40:09 User 'system' try to start thread 'Thread Server'
08/07 16:40:09 <FONT color="#0033CC"><B>Thread Server started</B></FONT>
08/07 17:07:30 <FONT color="#2266CC"><U>User 'system' connected successfully</U></FONT>
08/07 17:07:32 User 'system' try to start thread 'Thread Server'
08/07 17:07:33 <FONT color="#0033CC"><B>Thread Server started</B></FONT>
08/07 17:16:02 <FONT color="#2266CC"><U>User 'system' connected successfully</U></FONT>
08/07 17:16:46 User 'system' try to start thread 'Thread Server'
08/07 17:16:46 <FONT color="#0033CC"><B>Thread Server started</B></FONT>
08/07 17:45:07 <FONT color="#2266CC"><U>User 'system' connected successfully</U></FONT>
08/07 17:45:09 User 'system' try to start thread 'Thread Server'
08/07 17:45:09 <FONT color="#0033CC"><B>Thread Server started</B></FONT>
08/07 23:03:26 <FONT color="#2266CC"><U>User 'system' connected successfully</U></FONT>
08/07 23:03:30 User 'system' try to start thread 'Thread Server'
08/07 23:03:31 <FONT color="#0033CC"><B>Thread Server started</B></FONT>
09/07 08:36:03 <FONT color="#2266CC"><U>User 'system' connected successfully</U></FONT>
09/07 08:36:25 User 'system' try to start thread 'Thread Server'
09/07 08:36:25 <FONT color="#0033CC"><B>Thread Server started</B></FONT>
09/07 08:43:39 <FONT color="#2266CC"><U>User 'system' connected successfully</U></FONT>
09/07 08:43:41 User 'system' try to start thread 'Thread Server'
09/07 08:43:41 <FONT color="#0033CC"><B>Thread Server started</B></FONT>
09/07 08:52:47 <FONT color="#2266CC"><U>User 'system' connected successfully</U></FONT>
09/07 08:52:49 User 'system' try to start thread 'Thread Server'
09/07 08:52:49 <FONT color="#0033CC"><B>Thread Server started</B></FONT>
09/07 09:22:30 <FONT color="#2266CC"><U>User 'system' connected successfully</U></FONT>
09/07 09:22:32 User 'system' try to start thread 'Thread Server'
09/07 09:22:33 <FONT color="#0033CC"><B>Thread Server started</B></FONT>
09/07 09:24:57 <FONT color="#2266CC"><U>User 'system' connected successfully</U></FONT>
09/07 09:25:03 User 'system' try to start thread 'Thread Server'
09/07 09:25:03 <FONT color="#0033CC"><B>Thread Server started</B></FONT>
09/07 14:38:18 <FONT color="#2266CC"><U>User 'system' connected successfully</U></FONT>
09/07 14:38:19 User 'system' try to start thread 'Thread Server'
09/07 14:38:20 <FONT color="#0033CC"><B>Thread Server started</B></FONT>
09/07 14:41:46 User 'system' try to stop thread 'Thread Server'
09/07 14:41:49 <FONT color="#CC0033"><B>Thread Server stopped</B></FONT>
09/07 14:42:44 User 'system' try to start thread 'Thread Server'
09/07 14:42:44 <FONT color="#0033CC"><B>Thread Server started</B></FONT>
09/07 14:43:45 User 'system' try to stop thread 'Thread Server'
09/07 14:43:48 <FONT color="#CC0033"><B>Thread Server stopped</B></FONT>
09/07 14:44:23 User 'system' try to start thread 'Thread Server'
09/07 14:44:23 <FONT color="#0033CC"><B>Thread Server started</B></FONT>
09/07 14:54:39 <FONT color="#2266CC"><U>User 'system' connected successfully</U></FONT>
09/07 14:54:41 User 'system' try to start thread 'Thread Server'
09/07 14:54:41 <FONT color="#0033CC"><B>Thread Server started</B></FONT>
09/07 14:57:24 <FONT color="#2266CC"><U>User 'system' connected successfully</U></FONT>
09/07 14:57:26 User 'system' try to start thread 'Thread Server'
09/07 14:57:26 <FONT color="#0033CC"><B>Thread Server started</B></FONT>
09/07 15:00:57 <FONT color="#2266CC"><U>User 'system' connected successfully</U></FONT>
09/07 15:00:58 User 'system' try to start thread 'Thread Server'
09/07 15:00:59 <FONT color="#0033CC"><B>Thread Server started</B></FONT>
09/07 16:18:46 <FONT color="#2266CC"><U>User 'system' connected successfully</U></FONT>
09/07 16:18:48 User 'system' try to start thread 'Thread Server'
09/07 16:18:48 <FONT color="#0033CC"><B>Thread Server started</B></FONT>
09/07 16:22:19 <FONT color="#CC6622"><U>User 'system' disconnected</U></FONT>
09/07 16:23:01 <FONT color="#2266CC"><U>User 'system' connected successfully</U></FONT>
09/07 17:09:45 <FONT color="#CC6622"><U>User 'system' disconnected</U></FONT>
10/07 08:51:42 <FONT color="#2266CC"><U>User 'system' connected successfully</U></FONT>
10/07 08:51:45 User 'system' try to start thread 'Thread Server'
10/07 08:51:45 <FONT color="#0033CC"><B>Thread Server started</B></FONT>
10/07 09:03:44 <FONT color="#CC6622"><U>User 'system' disconnected</U></FONT>
10/07 09:04:47 <FONT color="#2266CC"><U>User 'system' connected successfully</U></FONT>
10/07 09:26:43 <FONT color="#2266CC"><U>User 'system' connected successfully</U></FONT>
10/07 09:26:46 User 'system' try to start thread 'Thread Server'
10/07 09:26:46 <FONT color="#0033CC"><B>Thread Server started</B></FONT>
10/07 09:27:49 <FONT color="#2266CC"><U>User 'system' connected successfully</U></FONT>
10/07 09:27:52 User 'system' try to start thread 'Thread Server'
10/07 09:27:52 <FONT color="#0033CC"><B>Thread Server started</B></FONT>
10/07 10:37:42 <FONT color="#CC6622"><U>User 'system' disconnected</U></FONT>
13/07 09:13:35 <FONT color="#2266CC"><U>User 'system' connected successfully</U></FONT>
13/07 09:13:41 User 'system' try to start thread 'Thread Server'
13/07 09:13:41 <FONT color="#0033CC"><B>Thread Server started</B></FONT>
13/07 10:32:02 <FONT color="#2266CC"><U>User 'system' connected successfully</U></FONT>
13/07 10:32:04 User 'system' try to start thread 'Thread Server'
13/07 10:32:04 <FONT color="#0033CC"><B>Thread Server started</B></FONT>
13/07 14:54:12 User 'system' try to destroy thread 'Thread Server'
19/09 09:35:38 <FONT color="#2266CC"><U>User 'system' connected successfully</U></FONT>
19/09 09:35:39 <FONT color="#CC6622"><U>User 'system' disconnected</U></FONT>
19/09 09:35:43 <FONT color="#2266CC"><U>User 'system' connected successfully</U></FONT>
19/09 09:35:46 User 'system' try to start thread 'Thread Server'
19/09 09:35:46 <FONT color="#0033CC"><B>Thread Server started</B></FONT>
19/09 09:43:27 <FONT color="#2266CC"><U>User 'system' connected successfully</U></FONT>
19/09 09:43:40 User 'system' try to update parameter of thread 'Thread Server'
19/09 09:44:06 User 'system' try to start thread 'Thread Server'
19/09 09:44:06 <FONT color="#0033CC"><B>Thread Server started</B></FONT>
